20:48:45 INFO  : Registering command handlers for SDK TCF services
20:48:50 INFO  : Launching XSCT server: xsct -n -interactive /home/constantine/ARTY_A7/Vivado_prjct/Vivado_prjct.sdk/temp_xsdb_launch_script.tcl
20:48:51 INFO  : XSCT server has started successfully.
20:48:51 INFO  : Successfully done setting XSCT server connection channel  
20:48:51 INFO  : Successfully done setting SDK workspace  
20:49:51 INFO  : Connected to target on host '127.0.0.1' and port '3121'.
20:50:38 ERROR : (XSDB Server)ERROR: [Hsi 55-1597] SwCore axi_qspi is not found in Repositories

20:50:38 ERROR : (XSDB Server)ERROR: [Hsi 55-1594] Core axi_qspi of version  not found in repositories
ERROR: [Hsi 55-1597] SwCore axi_xadc is not found in Repositories
ERROR: [Hsi 55-1594] Core axi_xadc of version  not found in repositories
ERROR: [Hsi 55-1597] SwCore device_tree is not found in Repositories
ERROR: [Hsi 55-1594] Core device_tree of version  not found in repositories

20:50:38 ERROR : (XSDB Server)ERROR: [Hsi 55-1452] Error: running open_sw_design.

20:50:38 ERROR :  [Common 17-39] 'hsi::open_sw_design' failed due to earlier errors.
20:50:38 ERROR : (XSDB Server)ERROR: [Hsi 55-1597] SwCore axi_qspi is not found in Repositories

20:50:38 ERROR : (XSDB Server)ERROR: [Hsi 55-1594] Core axi_qspi of version  not found in repositories

20:50:38 ERROR : (XSDB Server)ERROR: [Hsi 55-1597] SwCore axi_xadc is not found in Repositories

20:50:38 ERROR : (XSDB Server)ERROR: [Hsi 55-1594] Core axi_xadc of version  not found in repositories

20:50:38 ERROR : (XSDB Server)ERROR: [Hsi 55-1597] SwCore device_tree is not found in Repositories

20:50:38 ERROR : (XSDB Server)ERROR: [Hsi 55-1594] Core device_tree of version  not found in repositories

20:50:38 ERROR : (XSDB Server)ERROR: [Hsi 55-1452] Error: running open_sw_design.

20:50:38 INFO  : Unable to read in MSS file /home/constantine/ARTY_A7/Vivado_prjct/Vivado_prjct.sdk/device_tree_bsp_0/system.mss : null
20:50:38 ERROR : (XSDB Server)ERROR: [Hsi 55-1597] SwCore axi_qspi is not found in Repositories

20:50:38 ERROR : (XSDB Server)ERROR: [Hsi 55-1594] Core axi_qspi of version  not found in repositories

20:50:38 ERROR : (XSDB Server)ERROR: [Hsi 55-1597] SwCore axi_xadc is not found in Repositories

20:50:38 ERROR : (XSDB Server)ERROR: [Hsi 55-1594] Core axi_xadc of version  not found in repositories

20:50:38 ERROR : (XSDB Server)ERROR: [Hsi 55-1597] SwCore device_tree is not found in Repositories

20:50:38 ERROR : (XSDB Server)ERROR: [Hsi 55-1594] Core device_tree of version  not found in repositories

20:50:38 ERROR : (XSDB Server)ERROR: [Hsi 55-1452] Error: running open_sw_design.

20:50:38 ERROR : Failed in generating sources
20:50:38 INFO  : BSP Project P/device_tree_bsp_0 has been successfully migrated.
20:51:08 INFO  : 'targets -set -filter {jtag_cable_name =~ "Digilent Arty 210319A434C0A" && level==0} -index 0' command is executed.
20:51:08 INFO  : 'fpga -state' command is executed.
20:51:08 INFO  : Connected to target on host '127.0.0.1' and port '3121'.
20:51:08 INFO  : Jtag cable 'Digilent Arty 210319A434C0A' is selected.
20:51:08 INFO  : 'jtag frequency' command is executed.
20:51:08 INFO  : Context for processor 'microblaze_0' is selected.
20:51:08 INFO  : System reset is completed.
20:51:11 INFO  : 'after 3000' command is executed.
20:51:11 INFO  : Context for processor 'microblaze_0' is selected.
20:51:16 INFO  : The application '/home/constantine/ARTY_A7/Linux/u-boot-xlnx/u-boot.elf' is downloaded to processor 'microblaze_0' and sections are relocated to '0x8FF91000'.
20:51:16 INFO  : ----------------XSDB Script----------------
connect -url tcp:127.0.0.1:3121
targets -set -nocase -filter {name =~ "microblaze*#0" && bscan=="USER2"  && jtag_cable_name =~ "Digilent Arty 210319A434C0A"} -index 0
rst -system
after 3000
targets -set -nocase -filter {name =~ "microblaze*#0" && bscan=="USER2"  && jtag_cable_name =~ "Digilent Arty 210319A434C0A"} -index 0
dow -relocate-section-map 0x8FF91000 /home/constantine/ARTY_A7/Linux/u-boot-xlnx/u-boot.elf
----------------End of Script----------------

20:51:17 INFO  : Memory regions updated for context MicroBlaze #0
20:51:17 INFO  : Memory regions updated for context MicroBlaze Debug Module at USER2
20:51:17 INFO  : Launch script is exported to file '/home/constantine/ARTY_A7/Vivado_prjct/Vivado_prjct.sdk/.sdk/launch_scripts/xilinx_c-c++_application_(system_debugger)/system_debugger_on_local.tcl'
20:51:48 INFO  : Disconnected from the channel tcfchan#1.
20:52:22 INFO  : Connected to target on host '127.0.0.1' and port '3121'.
20:52:22 INFO  : Jtag cable 'Digilent Arty 210319A434C0A' is selected.
20:52:22 INFO  : 'jtag frequency' command is executed.
20:52:22 INFO  : 'targets -set -filter {jtag_cable_name =~ "Digilent Arty 210319A434C0A" && level==0} -index 0' command is executed.
20:52:24 INFO  : FPGA configured successfully with bitstream "/home/constantine/ARTY_A7/Vivado_prjct/Vivado_prjct.sdk/system_wrapper_hw_platform_0/download.bit"
20:52:24 INFO  : Context for processor 'microblaze_0' is selected.
20:52:24 INFO  : System reset is completed.
20:52:27 INFO  : 'after 3000' command is executed.
20:52:27 INFO  : Context for processor 'microblaze_0' is selected.
20:52:32 INFO  : The application '/home/constantine/ARTY_A7/Linux/u-boot-xlnx/u-boot.elf' is downloaded to processor 'microblaze_0' and sections are relocated to '0xFF91000'.
20:52:32 INFO  : ----------------XSDB Script----------------
connect -url tcp:127.0.0.1:3121
targets -set -filter {jtag_cable_name =~ "Digilent Arty 210319A434C0A" && level==0} -index 0
fpga -file /home/constantine/ARTY_A7/Vivado_prjct/Vivado_prjct.sdk/system_wrapper_hw_platform_0/download.bit
targets -set -nocase -filter {name =~ "microblaze*#0" && bscan=="USER2"  && jtag_cable_name =~ "Digilent Arty 210319A434C0A"} -index 0
rst -system
after 3000
targets -set -nocase -filter {name =~ "microblaze*#0" && bscan=="USER2"  && jtag_cable_name =~ "Digilent Arty 210319A434C0A"} -index 0
dow -relocate-section-map 0xFF91000 /home/constantine/ARTY_A7/Linux/u-boot-xlnx/u-boot.elf
----------------End of Script----------------

20:52:32 INFO  : Memory regions updated for context MicroBlaze #0
20:52:32 INFO  : Memory regions updated for context MicroBlaze Debug Module at USER2
20:52:32 INFO  : Context for processor 'microblaze_0' is selected.
20:52:32 INFO  : 'con' command is executed.
20:52:32 INFO  : ----------------XSDB Script (After Launch)----------------
targets -set -nocase -filter {name =~ "microblaze*#0" && bscan=="USER2"  && jtag_cable_name =~ "Digilent Arty 210319A434C0A"} -index 0
con
----------------End of Script----------------

20:52:32 INFO  : Launch script is exported to file '/home/constantine/ARTY_A7/Vivado_prjct/Vivado_prjct.sdk/.sdk/launch_scripts/xilinx_c-c++_application_(system_debugger)/system_debugger_on_local.tcl'
20:52:54 INFO  : Disconnected from the channel tcfchan#2.
20:53:56 INFO  : Connected to target on host '127.0.0.1' and port '3121'.
20:53:56 INFO  : Jtag cable 'Digilent Arty 210319A434C0A' is selected.
20:53:56 INFO  : 'jtag frequency' command is executed.
20:53:56 INFO  : 'targets -set -filter {jtag_cable_name =~ "Digilent Arty 210319A434C0A" && level==0} -index 0' command is executed.
20:53:57 INFO  : FPGA configured successfully with bitstream "/home/constantine/ARTY_A7/Vivado_prjct/Vivado_prjct.sdk/system_wrapper_hw_platform_0/download.bit"
20:53:57 INFO  : Context for processor 'microblaze_0' is selected.
20:53:57 INFO  : System reset is completed.
20:54:00 INFO  : 'after 3000' command is executed.
20:54:00 INFO  : Context for processor 'microblaze_0' is selected.
20:54:05 INFO  : The application '/home/constantine/ARTY_A7/Linux/u-boot-xlnx/u-boot.elf' is downloaded to processor 'microblaze_0'.
20:54:05 INFO  : ----------------XSDB Script----------------
connect -url tcp:127.0.0.1:3121
targets -set -filter {jtag_cable_name =~ "Digilent Arty 210319A434C0A" && level==0} -index 0
fpga -file /home/constantine/ARTY_A7/Vivado_prjct/Vivado_prjct.sdk/system_wrapper_hw_platform_0/download.bit
targets -set -nocase -filter {name =~ "microblaze*#0" && bscan=="USER2"  && jtag_cable_name =~ "Digilent Arty 210319A434C0A"} -index 0
rst -system
after 3000
targets -set -nocase -filter {name =~ "microblaze*#0" && bscan=="USER2"  && jtag_cable_name =~ "Digilent Arty 210319A434C0A"} -index 0
dow /home/constantine/ARTY_A7/Linux/u-boot-xlnx/u-boot.elf
----------------End of Script----------------

20:54:05 INFO  : Memory regions updated for context MicroBlaze #0
20:54:05 INFO  : Memory regions updated for context MicroBlaze Debug Module at USER2
20:54:05 INFO  : Context for processor 'microblaze_0' is selected.
20:54:05 INFO  : 'con' command is executed.
20:54:05 INFO  : ----------------XSDB Script (After Launch)----------------
targets -set -nocase -filter {name =~ "microblaze*#0" && bscan=="USER2"  && jtag_cable_name =~ "Digilent Arty 210319A434C0A"} -index 0
con
----------------End of Script----------------

20:54:05 INFO  : Launch script is exported to file '/home/constantine/ARTY_A7/Vivado_prjct/Vivado_prjct.sdk/.sdk/launch_scripts/xilinx_c-c++_application_(system_debugger)/system_debugger_on_local.tcl'
20:54:15 INFO  : Disconnected from the channel tcfchan#3.
20:54:27 INFO  : Connected to target on host '127.0.0.1' and port '3121'.
20:54:27 INFO  : Jtag cable 'Digilent Arty 210319A434C0A' is selected.
20:54:27 INFO  : 'jtag frequency' command is executed.
20:54:27 INFO  : 'targets -set -filter {jtag_cable_name =~ "Digilent Arty 210319A434C0A" && level==0} -index 0' command is executed.
20:54:30 INFO  : FPGA configured successfully with bitstream "/home/constantine/ARTY_A7/Vivado_prjct/Vivado_prjct.sdk/system_wrapper_hw_platform_0/download.bit"
20:54:30 INFO  : Context for processor 'microblaze_0' is selected.
20:54:31 INFO  : System reset is completed.
20:54:34 INFO  : 'after 3000' command is executed.
20:54:34 INFO  : Context for processor 'microblaze_0' is selected.
20:54:39 INFO  : The application '/home/constantine/ARTY_A7/Linux/u-boot-xlnx/u-boot.elf' is downloaded to processor 'microblaze_0'.
20:54:39 INFO  : ----------------XSDB Script----------------
connect -url tcp:127.0.0.1:3121
targets -set -filter {jtag_cable_name =~ "Digilent Arty 210319A434C0A" && level==0} -index 0
fpga -file /home/constantine/ARTY_A7/Vivado_prjct/Vivado_prjct.sdk/system_wrapper_hw_platform_0/download.bit
targets -set -nocase -filter {name =~ "microblaze*#0" && bscan=="USER2"  && jtag_cable_name =~ "Digilent Arty 210319A434C0A"} -index 0
rst -system
after 3000
targets -set -nocase -filter {name =~ "microblaze*#0" && bscan=="USER2"  && jtag_cable_name =~ "Digilent Arty 210319A434C0A"} -index 0
dow /home/constantine/ARTY_A7/Linux/u-boot-xlnx/u-boot.elf
----------------End of Script----------------

20:54:39 INFO  : Memory regions updated for context MicroBlaze #0
20:54:39 INFO  : Memory regions updated for context MicroBlaze Debug Module at USER2
20:54:39 INFO  : Launch script is exported to file '/home/constantine/ARTY_A7/Vivado_prjct/Vivado_prjct.sdk/.sdk/launch_scripts/xilinx_c-c++_application_(system_debugger)/system_debugger_on_local.tcl'
20:54:46 INFO  : Disconnected from the channel tcfchan#4.
20:55:04 INFO  : Connected to target on host '127.0.0.1' and port '3121'.
20:55:04 INFO  : 'targets -set -filter {jtag_cable_name =~ "Digilent Arty 210319A434C0A" && level==0} -index 0' command is executed.
20:55:08 INFO  : FPGA configured successfully with bitstream "/home/constantine/ARTY_A7/Vivado_prjct/Vivado_prjct.sdk/system_wrapper_hw_platform_0/download.bit"
20:55:48 INFO  : Connected to target on host '127.0.0.1' and port '3121'.
20:55:48 INFO  : Jtag cable 'Digilent Arty 210319A434C0A' is selected.
20:55:48 INFO  : 'jtag frequency' command is executed.
20:55:48 INFO  : 'targets -set -filter {jtag_cable_name =~ "Digilent Arty 210319A434C0A" && level==0} -index 0' command is executed.
20:55:51 INFO  : FPGA configured successfully with bitstream "/home/constantine/ARTY_A7/Vivado_prjct/Vivado_prjct.sdk/system_wrapper_hw_platform_0/download.bit"
20:55:51 INFO  : Context for processor 'microblaze_0' is selected.
20:55:51 INFO  : System reset is completed.
20:55:54 INFO  : 'after 3000' command is executed.
20:55:54 INFO  : Context for processor 'microblaze_0' is selected.
20:55:59 INFO  : The application '/home/constantine/ARTY_A7/Linux/u-boot-xlnx/u-boot.elf' is downloaded to processor 'microblaze_0' and sections are relocated to '0x8FF91000'.
20:55:59 INFO  : ----------------XSDB Script----------------
connect -url tcp:127.0.0.1:3121
targets -set -filter {jtag_cable_name =~ "Digilent Arty 210319A434C0A" && level==0} -index 0
fpga -file /home/constantine/ARTY_A7/Vivado_prjct/Vivado_prjct.sdk/system_wrapper_hw_platform_0/download.bit
targets -set -nocase -filter {name =~ "microblaze*#0" && bscan=="USER2"  && jtag_cable_name =~ "Digilent Arty 210319A434C0A"} -index 0
rst -system
after 3000
targets -set -nocase -filter {name =~ "microblaze*#0" && bscan=="USER2"  && jtag_cable_name =~ "Digilent Arty 210319A434C0A"} -index 0
dow -relocate-section-map 0x8FF91000 /home/constantine/ARTY_A7/Linux/u-boot-xlnx/u-boot.elf
----------------End of Script----------------

20:55:59 INFO  : Memory regions updated for context MicroBlaze #0
20:55:59 INFO  : Memory regions updated for context MicroBlaze Debug Module at USER2
20:55:59 INFO  : Launch script is exported to file '/home/constantine/ARTY_A7/Vivado_prjct/Vivado_prjct.sdk/.sdk/launch_scripts/xilinx_c-c++_application_(system_debugger)/system_debugger_on_local.tcl'
20:56:16 INFO  : Disconnected from the channel tcfchan#5.
20:56:32 INFO  : Connected to target on host '127.0.0.1' and port '3121'.
20:56:33 INFO  : 'targets -set -filter {jtag_cable_name =~ "Digilent Arty 210319A434C0A" && level==0} -index 0' command is executed.
20:56:35 INFO  : FPGA configured successfully with bitstream "/home/constantine/ARTY_A7/Vivado_prjct/Vivado_prjct.sdk/system_wrapper_hw_platform_0/download.bit"
21:01:38 INFO  : 'targets -set -filter {jtag_cable_name =~ "Digilent Arty 210319A434C0A" && level==0} -index 0' command is executed.
21:01:38 INFO  : 'fpga -state' command is executed.
21:01:38 INFO  : Connected to target on host '127.0.0.1' and port '3121'.
21:01:38 INFO  : Jtag cable 'Digilent Arty 210319A434C0A' is selected.
21:01:38 INFO  : 'jtag frequency' command is executed.
21:01:38 INFO  : Context for processor 'microblaze_0' is selected.
21:01:38 INFO  : System reset is completed.
21:01:41 INFO  : 'after 3000' command is executed.
21:01:41 INFO  : ----------------XSDB Script----------------
connect -url tcp:127.0.0.1:3121
targets -set -nocase -filter {name =~ "microblaze*#0" && bscan=="USER2"  && jtag_cable_name =~ "Digilent Arty 210319A434C0A"} -index 0
rst -system
after 3000
----------------End of Script----------------

21:01:41 INFO  : Memory regions updated for context MicroBlaze #0
21:01:41 INFO  : Memory regions updated for context MicroBlaze Debug Module at USER2
21:01:41 INFO  : Launch script is exported to file '/home/constantine/ARTY_A7/Vivado_prjct/Vivado_prjct.sdk/.sdk/launch_scripts/xilinx_c-c++_application_(system_debugger)/system_debugger_on_local.tcl'
21:01:53 INFO  : Disconnected from the channel tcfchan#6.
21:02:14 INFO  : 'targets -set -filter {jtag_cable_name =~ "Digilent Arty 210319A434C0A" && level==0} -index 0' command is executed.
21:02:14 INFO  : 'fpga -state' command is executed.
21:02:14 INFO  : Connected to target on host '127.0.0.1' and port '3121'.
21:02:14 INFO  : Jtag cable 'Digilent Arty 210319A434C0A' is selected.
21:02:14 INFO  : 'jtag frequency' command is executed.
21:02:14 INFO  : Context for processor 'microblaze_0' is selected.
21:02:14 INFO  : System reset is completed.
21:02:17 INFO  : 'after 3000' command is executed.
21:02:17 INFO  : Context for processor 'microblaze_0' is selected.
21:02:22 INFO  : The application '/home/constantine/ARTY_A7/Linux/u-boot-xlnx/u-boot.elf' is downloaded to processor 'microblaze_0' and sections are relocated to '0x80000000'.
21:02:22 INFO  : ----------------XSDB Script----------------
connect -url tcp:127.0.0.1:3121
targets -set -nocase -filter {name =~ "microblaze*#0" && bscan=="USER2"  && jtag_cable_name =~ "Digilent Arty 210319A434C0A"} -index 0
rst -system
after 3000
targets -set -nocase -filter {name =~ "microblaze*#0" && bscan=="USER2"  && jtag_cable_name =~ "Digilent Arty 210319A434C0A"} -index 0
dow -relocate-section-map 0x80000000 /home/constantine/ARTY_A7/Linux/u-boot-xlnx/u-boot.elf
----------------End of Script----------------

21:02:22 INFO  : Memory regions updated for context MicroBlaze #0
21:02:22 INFO  : Memory regions updated for context MicroBlaze Debug Module at USER2
21:02:22 INFO  : Launch script is exported to file '/home/constantine/ARTY_A7/Vivado_prjct/Vivado_prjct.sdk/.sdk/launch_scripts/xilinx_c-c++_application_(system_debugger)/system_debugger_on_local.tcl'
21:02:29 INFO  : Disconnected from the channel tcfchan#7.
21:03:26 INFO  : 'targets -set -filter {jtag_cable_name =~ "Digilent Arty 210319A434C0A" && level==0} -index 0' command is executed.
21:03:26 INFO  : 'fpga -state' command is executed.
21:03:26 INFO  : Connected to target on host '127.0.0.1' and port '3121'.
21:03:26 INFO  : Jtag cable 'Digilent Arty 210319A434C0A' is selected.
21:03:26 INFO  : 'jtag frequency' command is executed.
21:03:26 INFO  : Context for processor 'microblaze_0' is selected.
21:03:26 INFO  : System reset is completed.
21:03:29 INFO  : 'after 3000' command is executed.
21:03:29 INFO  : Context for processor 'microblaze_0' is selected.
21:03:34 INFO  : The application '/home/constantine/ARTY_A7/Linux/u-boot-xlnx/u-boot.elf' is downloaded to processor 'microblaze_0'.
21:03:34 INFO  : ----------------XSDB Script----------------
connect -url tcp:127.0.0.1:3121
targets -set -nocase -filter {name =~ "microblaze*#0" && bscan=="USER2"  && jtag_cable_name =~ "Digilent Arty 210319A434C0A"} -index 0
rst -system
after 3000
targets -set -nocase -filter {name =~ "microblaze*#0" && bscan=="USER2"  && jtag_cable_name =~ "Digilent Arty 210319A434C0A"} -index 0
dow /home/constantine/ARTY_A7/Linux/u-boot-xlnx/u-boot.elf
----------------End of Script----------------

21:03:34 INFO  : Memory regions updated for context MicroBlaze #0
21:03:34 INFO  : Memory regions updated for context MicroBlaze Debug Module at USER2
21:03:34 INFO  : Launch script is exported to file '/home/constantine/ARTY_A7/Vivado_prjct/Vivado_prjct.sdk/.sdk/launch_scripts/xilinx_c-c++_application_(system_debugger)/system_debugger_on_local.tcl'
21:03:48 INFO  : Disconnected from the channel tcfchan#8.
21:06:45 INFO  : System reset is completed.
21:09:59 INFO  : microblaze_0 Processor is in use. Please stop existing Run or Debug sessions before launching.
21:10:12 ERROR : Unexpected error while launching program.
java.lang.RuntimeException: Error in Resetting Target

    Failed to lock the JTAG Cable for exclusive access


	at com.xilinx.sdk.targetmanager.internal.TM.doProcessorReset(TM.java:1011)
	at com.xilinx.sdk.debug.core.XilinxAppLaunchConfigurationDelegate.runTargetSetup(XilinxAppLaunchConfigurationDelegate.java:455)
	at com.xilinx.sdk.debug.core.XilinxAppLaunchConfigurationDelegate.debugApplication(XilinxAppLaunchConfigurationDelegate.java:701)
	at com.xilinx.sdk.debug.core.XilinxAppLaunchConfigurationDelegate.launch(XilinxAppLaunchConfigurationDelegate.java:311)
	at com.xilinx.sdk.debug.ui.XilinxAppLaunchDelegateWrapper.launch(XilinxAppLaunchDelegateWrapper.java:31)
	at org.eclipse.debug.internal.core.LaunchConfiguration.launch(LaunchConfiguration.java:885)
	at org.eclipse.debug.internal.core.LaunchConfiguration.launch(LaunchConfiguration.java:739)
	at org.eclipse.debug.internal.ui.DebugUIPlugin.buildAndLaunch(DebugUIPlugin.java:1039)
	at org.eclipse.debug.internal.ui.DebugUIPlugin$8.run(DebugUIPlugin.java:1256)
	at org.eclipse.core.internal.jobs.Worker.run(Worker.java:55)
21:10:24 ERROR : Unexpected error while launching program.
com.xilinx.sdk.targetmanager.TMException: 
    Failed to claim JTAG Device 1 for debug. Check if it's
    in use by other client for debug


	at com.xilinx.sdk.targetmanager.internal.TM.connectToProcessor(TM.java:484)
	at com.xilinx.sdk.debug.core.XilinxAppLaunchConfigurationDelegate.runTargetSetup(XilinxAppLaunchConfigurationDelegate.java:451)
	at com.xilinx.sdk.debug.core.XilinxAppLaunchConfigurationDelegate.debugApplication(XilinxAppLaunchConfigurationDelegate.java:701)
	at com.xilinx.sdk.debug.core.XilinxAppLaunchConfigurationDelegate.launch(XilinxAppLaunchConfigurationDelegate.java:311)
	at com.xilinx.sdk.debug.ui.XilinxAppLaunchDelegateWrapper.launch(XilinxAppLaunchDelegateWrapper.java:31)
	at org.eclipse.debug.internal.core.LaunchConfiguration.launch(LaunchConfiguration.java:885)
	at org.eclipse.debug.internal.core.LaunchConfiguration.launch(LaunchConfiguration.java:739)
	at org.eclipse.debug.internal.ui.DebugUIPlugin.buildAndLaunch(DebugUIPlugin.java:1039)
	at org.eclipse.debug.internal.ui.DebugUIPlugin$8.run(DebugUIPlugin.java:1256)
	at org.eclipse.core.internal.jobs.Worker.run(Worker.java:55)
21:10:40 INFO  : Connected to target on host '127.0.0.1' and port '3121'.
21:10:40 INFO  : 'targets -set -filter {jtag_cable_name =~ "Digilent Arty 210319A434C0A" && level==0} -index 0' command is executed.
21:10:42 INFO  : FPGA configured successfully with bitstream "/home/constantine/ARTY_A7/Vivado_prjct/Vivado_prjct.sdk/system_wrapper_hw_platform_0/download.bit"
21:10:46 INFO  : 'targets -set -filter {jtag_cable_name =~ "Digilent Arty 210319A434C0A" && level==0} -index 0' command is executed.
21:10:46 INFO  : 'fpga -state' command is executed.
21:10:46 INFO  : Connected to target on host '127.0.0.1' and port '3121'.
21:10:46 INFO  : Jtag cable 'Digilent Arty 210319A434C0A' is selected.
21:10:46 INFO  : 'jtag frequency' command is executed.
21:10:46 INFO  : Context for processor 'microblaze_0' is selected.
21:10:46 INFO  : System reset is completed.
21:10:49 INFO  : 'after 3000' command is executed.
21:10:49 INFO  : Context for processor 'microblaze_0' is selected.
21:10:54 INFO  : The application '/home/constantine/ARTY_A7/Linux/u-boot-xlnx/u-boot.elf' is downloaded to processor 'microblaze_0'.
21:10:54 INFO  : ----------------XSDB Script----------------
connect -url tcp:127.0.0.1:3121
targets -set -nocase -filter {name =~ "microblaze*#0" && bscan=="USER2"  && jtag_cable_name =~ "Digilent Arty 210319A434C0A"} -index 0
rst -system
after 3000
targets -set -nocase -filter {name =~ "microblaze*#0" && bscan=="USER2"  && jtag_cable_name =~ "Digilent Arty 210319A434C0A"} -index 0
dow /home/constantine/ARTY_A7/Linux/u-boot-xlnx/u-boot.elf
----------------End of Script----------------

21:10:54 INFO  : Memory regions updated for context MicroBlaze #0
21:10:54 INFO  : Memory regions updated for context MicroBlaze Debug Module at USER2
21:10:54 INFO  : Launch script is exported to file '/home/constantine/ARTY_A7/Vivado_prjct/Vivado_prjct.sdk/.sdk/launch_scripts/xilinx_c-c++_application_(system_debugger)/system_debugger_on_local.tcl'
21:10:57 INFO  : Disconnected from the channel tcfchan#9.
21:11:03 ERROR : Unexpected error while launching program.
com.xilinx.sdk.targetmanager.TMException: 
    Failed to claim JTAG Device 1 for debug. Check if it's
    in use by other client for debug


	at com.xilinx.sdk.targetmanager.internal.TM.connectToProcessor(TM.java:484)
	at com.xilinx.sdk.debug.core.XilinxAppLaunchConfigurationDelegate.runTargetSetup(XilinxAppLaunchConfigurationDelegate.java:451)
	at com.xilinx.sdk.debug.core.XilinxAppLaunchConfigurationDelegate.debugApplication(XilinxAppLaunchConfigurationDelegate.java:701)
	at com.xilinx.sdk.debug.core.XilinxAppLaunchConfigurationDelegate.launch(XilinxAppLaunchConfigurationDelegate.java:311)
	at com.xilinx.sdk.debug.ui.XilinxAppLaunchDelegateWrapper.launch(XilinxAppLaunchDelegateWrapper.java:31)
	at org.eclipse.debug.internal.core.LaunchConfiguration.launch(LaunchConfiguration.java:885)
	at org.eclipse.debug.internal.core.LaunchConfiguration.launch(LaunchConfiguration.java:739)
	at org.eclipse.debug.internal.ui.DebugUIPlugin.buildAndLaunch(DebugUIPlugin.java:1039)
	at org.eclipse.debug.internal.ui.DebugUIPlugin$8.run(DebugUIPlugin.java:1256)
	at org.eclipse.core.internal.jobs.Worker.run(Worker.java:55)
21:11:27 ERROR : Unexpected error while launching program.
com.xilinx.sdk.targetmanager.TMException: 
    Failed to claim JTAG Device 1 for debug. Check if it's
    in use by other client for debug


	at com.xilinx.sdk.targetmanager.internal.TM.connectToProcessor(TM.java:484)
	at com.xilinx.sdk.debug.core.XilinxAppLaunchConfigurationDelegate.runTargetSetup(XilinxAppLaunchConfigurationDelegate.java:451)
	at com.xilinx.sdk.debug.core.XilinxAppLaunchConfigurationDelegate.debugApplication(XilinxAppLaunchConfigurationDelegate.java:701)
	at com.xilinx.sdk.debug.core.XilinxAppLaunchConfigurationDelegate.launch(XilinxAppLaunchConfigurationDelegate.java:311)
	at com.xilinx.sdk.debug.ui.XilinxAppLaunchDelegateWrapper.launch(XilinxAppLaunchDelegateWrapper.java:31)
	at org.eclipse.debug.internal.core.LaunchConfiguration.launch(LaunchConfiguration.java:885)
	at org.eclipse.debug.internal.core.LaunchConfiguration.launch(LaunchConfiguration.java:739)
	at org.eclipse.debug.internal.ui.DebugUIPlugin.buildAndLaunch(DebugUIPlugin.java:1039)
	at org.eclipse.debug.internal.ui.DebugUIPlugin$8.run(DebugUIPlugin.java:1256)
	at org.eclipse.core.internal.jobs.Worker.run(Worker.java:55)
21:11:40 ERROR : Unexpected error while launching program.
com.xilinx.sdk.targetmanager.TMException: 
    Failed to claim JTAG Device 1 for debug. Check if it's
    in use by other client for debug


	at com.xilinx.sdk.targetmanager.internal.TM.connectToProcessor(TM.java:484)
	at com.xilinx.sdk.debug.core.XilinxAppLaunchConfigurationDelegate.runTargetSetup(XilinxAppLaunchConfigurationDelegate.java:451)
	at com.xilinx.sdk.debug.core.XilinxAppLaunchConfigurationDelegate.debugApplication(XilinxAppLaunchConfigurationDelegate.java:701)
	at com.xilinx.sdk.debug.core.XilinxAppLaunchConfigurationDelegate.launch(XilinxAppLaunchConfigurationDelegate.java:311)
	at com.xilinx.sdk.debug.ui.XilinxAppLaunchDelegateWrapper.launch(XilinxAppLaunchDelegateWrapper.java:31)
	at org.eclipse.debug.internal.core.LaunchConfiguration.launch(LaunchConfiguration.java:885)
	at org.eclipse.debug.internal.core.LaunchConfiguration.launch(LaunchConfiguration.java:739)
	at org.eclipse.debug.internal.ui.DebugUIPlugin.buildAndLaunch(DebugUIPlugin.java:1039)
	at org.eclipse.debug.internal.ui.DebugUIPlugin$8.run(DebugUIPlugin.java:1256)
	at org.eclipse.core.internal.jobs.Worker.run(Worker.java:55)
21:11:54 ERROR : Unexpected error while launching program.
com.xilinx.sdk.targetmanager.TMException: 
    Failed to claim JTAG Device 1 for debug. Check if it's
    in use by other client for debug


	at com.xilinx.sdk.targetmanager.internal.TM.connectToProcessor(TM.java:484)
	at com.xilinx.sdk.debug.core.XilinxAppLaunchConfigurationDelegate.runTargetSetup(XilinxAppLaunchConfigurationDelegate.java:451)
	at com.xilinx.sdk.debug.core.XilinxAppLaunchConfigurationDelegate.debugApplication(XilinxAppLaunchConfigurationDelegate.java:701)
	at com.xilinx.sdk.debug.core.XilinxAppLaunchConfigurationDelegate.launch(XilinxAppLaunchConfigurationDelegate.java:311)
	at com.xilinx.sdk.debug.ui.XilinxAppLaunchDelegateWrapper.launch(XilinxAppLaunchDelegateWrapper.java:31)
	at org.eclipse.debug.internal.core.LaunchConfiguration.launch(LaunchConfiguration.java:885)
	at org.eclipse.debug.internal.core.LaunchConfiguration.launch(LaunchConfiguration.java:739)
	at org.eclipse.debug.internal.ui.DebugUIPlugin.buildAndLaunch(DebugUIPlugin.java:1039)
	at org.eclipse.debug.internal.ui.DebugUIPlugin$8.run(DebugUIPlugin.java:1256)
	at org.eclipse.core.internal.jobs.Worker.run(Worker.java:55)
21:12:10 INFO  : 'targets -set -filter {jtag_cable_name =~ "Digilent Arty 210319A434C0A" && level==0} -index 0' command is executed.
21:12:10 INFO  : 'fpga -state' command is executed.
21:12:13 INFO  : Connected to target on host '127.0.0.1' and port '3121'.
21:12:13 INFO  : Jtag cable 'Digilent Arty 210319A434C0A' is selected.
21:12:13 INFO  : 'jtag frequency' command is executed.
21:12:16 ERROR : no targets found with "name =~ "microblaze*#0" && bscan=="USER2"  && jtag_cable_name =~ "Digilent Arty 210319A434C0A"". available targets:
  1* xc7a35t
21:12:16 INFO  : ----------------XSDB Script----------------
connect -url tcp:127.0.0.1:3121
targets -set -nocase -filter {name =~ "microblaze*#0" && bscan=="USER2"  && jtag_cable_name =~ "Digilent Arty 210319A434C0A"} -index 0
----------------End of Script----------------

21:12:21 INFO  : 'targets -set -filter {jtag_cable_name =~ "Digilent Arty 210319A434C0A" && level==0} -index 0' command is executed.
21:12:21 INFO  : 'fpga -state' command is executed.
21:12:21 INFO  : Connected to target on host '127.0.0.1' and port '3121'.
21:12:21 INFO  : Jtag cable 'Digilent Arty 210319A434C0A' is selected.
21:12:21 INFO  : 'jtag frequency' command is executed.
21:12:24 ERROR : no targets found with "name =~ "microblaze*#0" && bscan=="USER2"  && jtag_cable_name =~ "Digilent Arty 210319A434C0A"". available targets:
  1* xc7a35t
21:12:24 INFO  : ----------------XSDB Script----------------
connect -url tcp:127.0.0.1:3121
targets -set -nocase -filter {name =~ "microblaze*#0" && bscan=="USER2"  && jtag_cable_name =~ "Digilent Arty 210319A434C0A"} -index 0
----------------End of Script----------------

21:12:30 ERROR : Unexpected error while launching program.
com.xilinx.sdk.targetmanager.TMException: 
    Failed to claim JTAG Device 1 for debug. Check if it's
    in use by other client for debug


	at com.xilinx.sdk.targetmanager.internal.TM.connectToProcessor(TM.java:484)
	at com.xilinx.sdk.debug.core.XilinxAppLaunchConfigurationDelegate.runTargetSetup(XilinxAppLaunchConfigurationDelegate.java:451)
	at com.xilinx.sdk.debug.core.XilinxAppLaunchConfigurationDelegate.debugApplication(XilinxAppLaunchConfigurationDelegate.java:701)
	at com.xilinx.sdk.debug.core.XilinxAppLaunchConfigurationDelegate.launch(XilinxAppLaunchConfigurationDelegate.java:311)
	at com.xilinx.sdk.debug.ui.XilinxAppLaunchDelegateWrapper.launch(XilinxAppLaunchDelegateWrapper.java:31)
	at org.eclipse.debug.internal.core.LaunchConfiguration.launch(LaunchConfiguration.java:885)
	at org.eclipse.debug.internal.core.LaunchConfiguration.launch(LaunchConfiguration.java:739)
	at org.eclipse.debug.internal.ui.DebugUIPlugin.buildAndLaunch(DebugUIPlugin.java:1039)
	at org.eclipse.debug.internal.ui.DebugUIPlugin$8.run(DebugUIPlugin.java:1256)
	at org.eclipse.core.internal.jobs.Worker.run(Worker.java:55)
21:12:41 INFO  : Connected to target on host '127.0.0.1' and port '3121'.
21:12:41 INFO  : 'targets -set -filter {jtag_cable_name =~ "Digilent Arty 210319A434C0A" && level==0} -index 0' command is executed.
21:12:45 INFO  : FPGA configured successfully with bitstream "/home/constantine/ARTY_A7/Vivado_prjct/Vivado_prjct.sdk/system_wrapper_hw_platform_0/download.bit"
21:13:09 ERROR : Unexpected error while launching program.
com.xilinx.sdk.targetmanager.TMException: 
    Failed to claim JTAG Device 1 for debug. Check if it's
    in use by other client for debug


	at com.xilinx.sdk.targetmanager.internal.TM.connectToProcessor(TM.java:484)
	at com.xilinx.sdk.debug.core.XilinxAppLaunchConfigurationDelegate.runTargetSetup(XilinxAppLaunchConfigurationDelegate.java:451)
	at com.xilinx.sdk.debug.core.XilinxAppLaunchConfigurationDelegate.debugApplication(XilinxAppLaunchConfigurationDelegate.java:701)
	at com.xilinx.sdk.debug.core.XilinxAppLaunchConfigurationDelegate.launch(XilinxAppLaunchConfigurationDelegate.java:311)
	at com.xilinx.sdk.debug.ui.XilinxAppLaunchDelegateWrapper.launch(XilinxAppLaunchDelegateWrapper.java:31)
	at org.eclipse.debug.internal.core.LaunchConfiguration.launch(LaunchConfiguration.java:885)
	at org.eclipse.debug.internal.core.LaunchConfiguration.launch(LaunchConfiguration.java:739)
	at org.eclipse.debug.internal.ui.DebugUIPlugin.buildAndLaunch(DebugUIPlugin.java:1039)
	at org.eclipse.debug.internal.ui.DebugUIPlugin$8.run(DebugUIPlugin.java:1256)
	at org.eclipse.core.internal.jobs.Worker.run(Worker.java:55)
21:13:31 ERROR : Unexpected error while launching program.
com.xilinx.sdk.targetmanager.TMException: 
    Failed to claim JTAG Device 1 for debug. Check if it's
    in use by other client for debug


	at com.xilinx.sdk.targetmanager.internal.TM.connectToProcessor(TM.java:484)
	at com.xilinx.sdk.debug.core.XilinxAppLaunchConfigurationDelegate.runTargetSetup(XilinxAppLaunchConfigurationDelegate.java:451)
	at com.xilinx.sdk.debug.core.XilinxAppLaunchConfigurationDelegate.debugApplication(XilinxAppLaunchConfigurationDelegate.java:701)
	at com.xilinx.sdk.debug.core.XilinxAppLaunchConfigurationDelegate.launch(XilinxAppLaunchConfigurationDelegate.java:311)
	at com.xilinx.sdk.debug.ui.XilinxAppLaunchDelegateWrapper.launch(XilinxAppLaunchDelegateWrapper.java:31)
	at org.eclipse.debug.internal.core.LaunchConfiguration.launch(LaunchConfiguration.java:885)
	at org.eclipse.debug.internal.core.LaunchConfiguration.launch(LaunchConfiguration.java:739)
	at org.eclipse.debug.internal.ui.DebugUIPlugin.buildAndLaunch(DebugUIPlugin.java:1039)
	at org.eclipse.debug.internal.ui.DebugUIPlugin$8.run(DebugUIPlugin.java:1256)
	at org.eclipse.core.internal.jobs.Worker.run(Worker.java:55)
21:13:50 ERROR : Unexpected error while launching program.
com.xilinx.sdk.targetmanager.TMException: 
    Failed to claim JTAG Device 1 for debug. Check if it's
    in use by other client for debug


	at com.xilinx.sdk.targetmanager.internal.TM.connectToProcessor(TM.java:484)
	at com.xilinx.sdk.debug.core.XilinxAppLaunchConfigurationDelegate.runTargetSetup(XilinxAppLaunchConfigurationDelegate.java:451)
	at com.xilinx.sdk.debug.core.XilinxAppLaunchConfigurationDelegate.debugApplication(XilinxAppLaunchConfigurationDelegate.java:701)
	at com.xilinx.sdk.debug.core.XilinxAppLaunchConfigurationDelegate.launch(XilinxAppLaunchConfigurationDelegate.java:311)
	at com.xilinx.sdk.debug.ui.XilinxAppLaunchDelegateWrapper.launch(XilinxAppLaunchDelegateWrapper.java:31)
	at org.eclipse.debug.internal.core.LaunchConfiguration.launch(LaunchConfiguration.java:885)
	at org.eclipse.debug.internal.core.LaunchConfiguration.launch(LaunchConfiguration.java:739)
	at org.eclipse.debug.internal.ui.DebugUIPlugin.buildAndLaunch(DebugUIPlugin.java:1039)
	at org.eclipse.debug.internal.ui.DebugUIPlugin$8.run(DebugUIPlugin.java:1256)
	at org.eclipse.core.internal.jobs.Worker.run(Worker.java:55)
21:14:05 ERROR : Unexpected error while launching program.
com.xilinx.sdk.targetmanager.TMException: 
    Failed to claim JTAG Device 1 for debug. Check if it's
    in use by other client for debug


	at com.xilinx.sdk.targetmanager.internal.TM.connectToProcessor(TM.java:484)
	at com.xilinx.sdk.debug.core.XilinxAppLaunchConfigurationDelegate.runTargetSetup(XilinxAppLaunchConfigurationDelegate.java:451)
	at com.xilinx.sdk.debug.core.XilinxAppLaunchConfigurationDelegate.debugApplication(XilinxAppLaunchConfigurationDelegate.java:701)
	at com.xilinx.sdk.debug.core.XilinxAppLaunchConfigurationDelegate.launch(XilinxAppLaunchConfigurationDelegate.java:311)
	at com.xilinx.sdk.debug.ui.XilinxAppLaunchDelegateWrapper.launch(XilinxAppLaunchDelegateWrapper.java:31)
	at org.eclipse.debug.internal.core.LaunchConfiguration.launch(LaunchConfiguration.java:885)
	at org.eclipse.debug.internal.core.LaunchConfiguration.launch(LaunchConfiguration.java:739)
	at org.eclipse.debug.internal.ui.DebugUIPlugin.buildAndLaunch(DebugUIPlugin.java:1039)
	at org.eclipse.debug.internal.ui.DebugUIPlugin$8.run(DebugUIPlugin.java:1256)
	at org.eclipse.core.internal.jobs.Worker.run(Worker.java:55)
21:16:57 INFO  : 'targets -set -filter {jtag_cable_name =~ "Digilent Arty 210319A434C0A" && level==0} -index 0' command is executed.
21:16:57 INFO  : 'fpga -state' command is executed.
21:16:57 INFO  : Connected to target on host '127.0.0.1' and port '3121'.
21:16:57 INFO  : Jtag cable 'Digilent Arty 210319A434C0A' is selected.
21:16:57 INFO  : 'jtag frequency' command is executed.
21:16:57 INFO  : Context for processor 'microblaze_0' is selected.
21:16:57 INFO  : System reset is completed.
21:17:00 INFO  : 'after 3000' command is executed.
21:17:00 INFO  : Context for processor 'microblaze_0' is selected.
21:17:05 INFO  : The application '/home/constantine/ARTY_A7/Linux/u-boot-xlnx/u-boot.elf' is downloaded to processor 'microblaze_0' and sections are relocated to '0x0FF91000'.
21:17:05 INFO  : ----------------XSDB Script----------------
connect -url tcp:127.0.0.1:3121
targets -set -nocase -filter {name =~ "microblaze*#0" && bscan=="USER2"  && jtag_cable_name =~ "Digilent Arty 210319A434C0A"} -index 0
rst -system
after 3000
targets -set -nocase -filter {name =~ "microblaze*#0" && bscan=="USER2"  && jtag_cable_name =~ "Digilent Arty 210319A434C0A"} -index 0
dow -relocate-section-map 0x0FF91000 /home/constantine/ARTY_A7/Linux/u-boot-xlnx/u-boot.elf
----------------End of Script----------------

21:17:05 INFO  : Memory regions updated for context MicroBlaze #0
21:17:05 INFO  : Memory regions updated for context MicroBlaze Debug Module at USER2
21:17:05 INFO  : Launch script is exported to file '/home/constantine/ARTY_A7/Vivado_prjct/Vivado_prjct.sdk/.sdk/launch_scripts/xilinx_c-c++_application_(system_debugger)/system_debugger_on_local.tcl'
21:17:39 INFO  : Disconnected from the channel tcfchan#11.
21:18:17 INFO  : 'targets -set -filter {jtag_cable_name =~ "Digilent Arty 210319A434C0A" && level==0} -index 0' command is executed.
21:18:17 INFO  : 'fpga -state' command is executed.
21:18:17 INFO  : Connected to target on host '127.0.0.1' and port '3121'.
21:18:17 INFO  : Jtag cable 'Digilent Arty 210319A434C0A' is selected.
21:18:17 INFO  : 'jtag frequency' command is executed.
21:18:17 INFO  : Context for processor 'microblaze_0' is selected.
21:18:17 INFO  : System reset is completed.
21:18:20 INFO  : 'after 3000' command is executed.
21:18:20 INFO  : Context for processor 'microblaze_0' is selected.
21:18:25 INFO  : The application '/home/constantine/ARTY_A7/Linux/u-boot-xlnx/u-boot.elf' is downloaded to processor 'microblaze_0' and sections are relocated to '0x0FF91000'.
21:18:25 INFO  : ----------------XSDB Script----------------
connect -url tcp:127.0.0.1:3121
targets -set -nocase -filter {name =~ "microblaze*#0" && bscan=="USER2"  && jtag_cable_name =~ "Digilent Arty 210319A434C0A"} -index 0
rst -system
after 3000
targets -set -nocase -filter {name =~ "microblaze*#0" && bscan=="USER2"  && jtag_cable_name =~ "Digilent Arty 210319A434C0A"} -index 0
dow -relocate-section-map 0x0FF91000 /home/constantine/ARTY_A7/Linux/u-boot-xlnx/u-boot.elf
----------------End of Script----------------

21:18:25 INFO  : Memory regions updated for context MicroBlaze #0
21:18:25 INFO  : Memory regions updated for context MicroBlaze Debug Module at USER2
21:18:25 INFO  : Launch script is exported to file '/home/constantine/ARTY_A7/Vivado_prjct/Vivado_prjct.sdk/.sdk/launch_scripts/xilinx_c-c++_application_(system_debugger)/system_debugger_on_local.tcl'
21:20:05 INFO  : Disconnected from the channel tcfchan#12.
21:20:06 INFO  : 'targets -set -filter {jtag_cable_name =~ "Digilent Arty 210319A434C0A" && level==0} -index 0' command is executed.
21:20:06 INFO  : 'fpga -state' command is executed.
21:20:06 INFO  : Connected to target on host '127.0.0.1' and port '3121'.
21:20:06 INFO  : Jtag cable 'Digilent Arty 210319A434C0A' is selected.
21:20:06 INFO  : 'jtag frequency' command is executed.
21:20:06 INFO  : Context for processor 'microblaze_0' is selected.
21:20:06 INFO  : System reset is completed.
21:20:09 INFO  : 'after 3000' command is executed.
21:20:09 INFO  : Context for processor 'microblaze_0' is selected.
21:20:15 INFO  : The application '/home/constantine/ARTY_A7/Linux/u-boot-xlnx/u-boot.elf' is downloaded to processor 'microblaze_0' and sections are relocated to '0x0FF91000'.
21:20:15 INFO  : ----------------XSDB Script----------------
connect -url tcp:127.0.0.1:3121
targets -set -nocase -filter {name =~ "microblaze*#0" && bscan=="USER2"  && jtag_cable_name =~ "Digilent Arty 210319A434C0A"} -index 0
rst -system
after 3000
targets -set -nocase -filter {name =~ "microblaze*#0" && bscan=="USER2"  && jtag_cable_name =~ "Digilent Arty 210319A434C0A"} -index 0
dow -relocate-section-map 0x0FF91000 /home/constantine/ARTY_A7/Linux/u-boot-xlnx/u-boot.elf
----------------End of Script----------------

21:20:15 INFO  : Memory regions updated for context MicroBlaze #0
21:20:15 INFO  : Memory regions updated for context MicroBlaze Debug Module at USER2
21:20:15 INFO  : Launch script is exported to file '/home/constantine/ARTY_A7/Vivado_prjct/Vivado_prjct.sdk/.sdk/launch_scripts/xilinx_c-c++_application_(system_debugger)/system_debugger_on_local.tcl'
21:20:45 INFO  : Disconnected from the channel tcfchan#13.
21:20:51 INFO  : 'targets -set -filter {jtag_cable_name =~ "Digilent Arty 210319A434C0A" && level==0} -index 0' command is executed.
21:20:51 INFO  : 'fpga -state' command is executed.
21:20:51 INFO  : Connected to target on host '127.0.0.1' and port '3121'.
21:20:51 INFO  : Jtag cable 'Digilent Arty 210319A434C0A' is selected.
21:20:51 INFO  : 'jtag frequency' command is executed.
21:20:51 INFO  : Context for processor 'microblaze_0' is selected.
21:20:51 INFO  : System reset is completed.
21:20:54 INFO  : 'after 3000' command is executed.
21:20:54 INFO  : Context for processor 'microblaze_0' is selected.
21:20:59 INFO  : The application '/home/constantine/ARTY_A7/Linux/u-boot-xlnx/u-boot.elf' is downloaded to processor 'microblaze_0' and sections are relocated to '0x0FF91000'.
21:20:59 INFO  : ----------------XSDB Script----------------
connect -url tcp:127.0.0.1:3121
targets -set -nocase -filter {name =~ "microblaze*#0" && bscan=="USER2"  && jtag_cable_name =~ "Digilent Arty 210319A434C0A"} -index 0
rst -system
after 3000
targets -set -nocase -filter {name =~ "microblaze*#0" && bscan=="USER2"  && jtag_cable_name =~ "Digilent Arty 210319A434C0A"} -index 0
dow -relocate-section-map 0x0FF91000 /home/constantine/ARTY_A7/Linux/u-boot-xlnx/u-boot.elf
----------------End of Script----------------

21:20:59 INFO  : Memory regions updated for context MicroBlaze #0
21:20:59 INFO  : Memory regions updated for context MicroBlaze Debug Module at USER2
21:20:59 INFO  : Launch script is exported to file '/home/constantine/ARTY_A7/Vivado_prjct/Vivado_prjct.sdk/.sdk/launch_scripts/xilinx_c-c++_application_(system_debugger)/system_debugger_on_local.tcl'
21:21:24 INFO  : Disconnected from the channel tcfchan#14.
21:22:07 INFO  : 'targets -set -filter {jtag_cable_name =~ "Digilent Arty 210319A434C0A" && level==0} -index 0' command is executed.
21:22:07 INFO  : 'fpga -state' command is executed.
21:22:07 INFO  : Connected to target on host '127.0.0.1' and port '3121'.
21:22:07 INFO  : Jtag cable 'Digilent Arty 210319A434C0A' is selected.
21:22:07 INFO  : 'jtag frequency' command is executed.
21:22:07 INFO  : Context for processor 'microblaze_0' is selected.
21:22:07 INFO  : System reset is completed.
21:22:10 INFO  : 'after 3000' command is executed.
21:22:10 INFO  : Context for processor 'microblaze_0' is selected.
21:22:15 INFO  : The application '/home/constantine/ARTY_A7/Linux/u-boot-xlnx/u-boot.elf' is downloaded to processor 'microblaze_0' and sections are relocated to '0x0'.
21:22:15 INFO  : ----------------XSDB Script----------------
connect -url tcp:127.0.0.1:3121
targets -set -nocase -filter {name =~ "microblaze*#0" && bscan=="USER2"  && jtag_cable_name =~ "Digilent Arty 210319A434C0A"} -index 0
rst -system
after 3000
targets -set -nocase -filter {name =~ "microblaze*#0" && bscan=="USER2"  && jtag_cable_name =~ "Digilent Arty 210319A434C0A"} -index 0
dow -relocate-section-map 0x0 /home/constantine/ARTY_A7/Linux/u-boot-xlnx/u-boot.elf
----------------End of Script----------------

21:22:15 INFO  : Memory regions updated for context MicroBlaze #0
21:22:15 INFO  : Memory regions updated for context MicroBlaze Debug Module at USER2
21:22:15 INFO  : Launch script is exported to file '/home/constantine/ARTY_A7/Vivado_prjct/Vivado_prjct.sdk/.sdk/launch_scripts/xilinx_c-c++_application_(system_debugger)/system_debugger_on_local.tcl'
21:25:15 INFO  : Disconnected from the channel tcfchan#15.
21:27:30 ERROR : (XSDB Server)Invalid target. Use "connect" command to connect to hw_server/TCF agent

21:27:30 ERROR : (XSDB Server)Invalid target. Use "connect" command to connect to hw_server/TCF agent
Invalid target. Use "connect" command to connect to hw_server/TCF agent

21:47:11 ERROR : (XSDB Server)ERROR: [Hsi 55-1597] SwCore axi_qspi is not found in Repositories

21:47:11 ERROR :  [Common 17-39] 'hsi::open_sw_design' failed due to earlier errors.
21:47:11 ERROR : (XSDB Server)ERROR: [Hsi 55-1594] Core axi_qspi of version  not found in repositories
ERROR: [Hsi 55-1597] SwCore axi_xadc is not found in Repositories
ERROR: [Hsi 55-1594] Core axi_xadc of version  not found in repositories
ERROR: [Hsi 55-1597] SwCore device_tree is not found in Repositories
ERROR: [Hsi 55-1594] Core device_tree of version  not found in repositories
ERROR: [Hsi 55-1452] Error: running open_sw_design.

21:47:11 ERROR : (XSDB Server)ERROR: [Hsi 55-1597] SwCore axi_qspi is not found in Repositories

21:47:11 ERROR : (XSDB Server)ERROR: [Hsi 55-1594] Core axi_qspi of version  not found in repositories

21:47:11 ERROR : (XSDB Server)ERROR: [Hsi 55-1597] SwCore axi_xadc is not found in Repositories

21:47:11 ERROR : (XSDB Server)ERROR: [Hsi 55-1594] Core axi_xadc of version  not found in repositories

21:47:11 ERROR : (XSDB Server)ERROR: [Hsi 55-1597] SwCore device_tree is not found in Repositories

21:47:11 ERROR : (XSDB Server)ERROR: [Hsi 55-1594] Core device_tree of version  not found in repositories

21:47:11 ERROR : (XSDB Server)ERROR: [Hsi 55-1452] Error: running open_sw_design.

21:47:11 INFO  : Unable to read in MSS file /home/constantine/ARTY_A7/Vivado_prjct/Vivado_prjct.sdk/device_tree_bsp_0/system.mss : null
21:47:11 ERROR : Failed to closesw "/home/constantine/ARTY_A7/Vivado_prjct/Vivado_prjct.sdk/device_tree_bsp_0/system.mss"
Reason: Cannot close sw design '/home/constantine/ARTY_A7/Vivado_prjct/Vivado_prjct.sdk/device_tree_bsp_0/system.mss'.
Design is not opened in the current session.


21:47:16 ERROR : Failed to get all peripherals
Reason: unable to find hardware specification file/project /home/constantine/ARTY_A7/Vivado_prjct/Vivado_prjct.sdk/system_wrapper_hw_platform_0/system.hdf
21:47:16 ERROR : Unable to disconnect from existing targets
java.lang.RuntimeException: Failed to get all peripherals
Reason: unable to find hardware specification file/project /home/constantine/ARTY_A7/Vivado_prjct/Vivado_prjct.sdk/system_wrapper_hw_platform_0/system.hdf
	at com.xilinx.sdk.xsdb.XsdbCommandUtils.handleResult(XsdbCommandUtils.java:371)
	at com.xilinx.sdk.xsdb.XsdbCommandUtils.executeAndRespond(XsdbCommandUtils.java:309)
	at com.xilinx.sdk.hw.internal.HwPlatform.populatePeripheralDetails(HwPlatform.java:778)
	at com.xilinx.sdk.hw.internal.HwPlatform.getProcessorNames(HwPlatform.java:625)
	at com.xilinx.sdk.targetmanager.internal.TM.disconnectExistingTargets(TM.java:299)
	at com.xilinx.sdk.targetmanager.internal.TM.terminate(TM.java:212)
	at com.xilinx.sdk.targetmanager.TMPlugin.stop(TMPlugin.java:58)
	at org.eclipse.osgi.internal.framework.BundleContextImpl$4.run(BundleContextImpl.java:830)
	at org.eclipse.osgi.internal.framework.BundleContextImpl$4.run(BundleContextImpl.java:1)
	at java.security.AccessController.doPrivileged(Native Method)
	at org.eclipse.osgi.internal.framework.BundleContextImpl.stop(BundleContextImpl.java:823)
	at org.eclipse.osgi.internal.framework.EquinoxBundle.stopWorker0(EquinoxBundle.java:946)
	at org.eclipse.osgi.internal.framework.EquinoxBundle$EquinoxModule.stopWorker(EquinoxBundle.java:314)
	at org.eclipse.osgi.container.Module.doStop(Module.java:636)
	at org.eclipse.osgi.container.Module.stop(Module.java:498)
	at org.eclipse.osgi.container.ModuleContainer$ContainerStartLevel.decStartLevel(ModuleContainer.java:1661)
	at org.eclipse.osgi.container.ModuleContainer$ContainerStartLevel.doContainerStartLevel(ModuleContainer.java:1580)
	at org.eclipse.osgi.container.SystemModule.stopWorker(SystemModule.java:270)
	at org.eclipse.osgi.internal.framework.EquinoxBundle$SystemBundle$EquinoxSystemModule.stopWorker(EquinoxBundle.java:147)
	at org.eclipse.osgi.container.Module.doStop(Module.java:636)
	at org.eclipse.osgi.container.Module.stop(Module.java:498)
	at org.eclipse.osgi.container.SystemModule.stop(SystemModule.java:202)
	at org.eclipse.osgi.internal.framework.EquinoxBundle$SystemBundle$EquinoxSystemModule$1.run(EquinoxBundle.java:165)
	at java.lang.Thread.run(Thread.java:745)
21:47:16 ERROR : Unexpected error while parsing XMD response ￿: com.google.gson.JsonSyntaxException: com.google.gson.stream.MalformedJsonException: invalid number or unquoted string near 
21:55:13 INFO  : Launching XSCT server: xsct -n -interactive /home/constantine/ARTY_A7/Vivado_prjct/Vivado_prjct.sdk/temp_xsdb_launch_script.tcl
21:55:13 INFO  : Registering command handlers for SDK TCF services
21:55:14 INFO  : XSCT server has started successfully.
21:55:14 INFO  : Successfully done setting XSCT server connection channel  
21:55:15 INFO  : Successfully done setting SDK workspace  
21:55:15 INFO  : Processing command line option -hwspec /home/constantine/ARTY_A7/Vivado_prjct/Vivado_prjct.sdk/system_wrapper.hdf.
21:55:30 INFO  : Connected to target on host '127.0.0.1' and port '3121'.
21:55:31 INFO  : 'targets -set -filter {jtag_cable_name =~ "Digilent Arty 210319A434C0A" && level==0} -index 0' command is executed.
21:55:32 INFO  : FPGA configured successfully with bitstream "/home/constantine/ARTY_A7/Vivado_prjct/Vivado_prjct.sdk/system_wrapper_hw_platform_0/download.bit"
21:55:41 ERROR : (XSDB Server)couldn't open "/home/constantine/u-boot": no such file or directory

22:01:06 INFO  : Inferring section assignments and sizes from elf file: /home/constantine/ARTY_A7/Vivado_prjct/Vivado_prjct.sdk/Echo/Debug/Echo.elf
22:01:10 INFO  : Successfully generated /home/constantine/ARTY_A7/Vivado_prjct/Vivado_prjct.sdk/Echo/src/lscript.ld.
22:01:10 INFO  : Applying linker script to all configurations of project Echo.
22:01:10 INFO  : Setting rebuild state to true for all configurations of project Echo.
22:01:30 INFO  : Successfully generated /home/constantine/ARTY_A7/Vivado_prjct/Vivado_prjct.sdk/Echo/src/lscript.ld.
22:01:30 INFO  : Applying linker script to all configurations of project Echo.
22:01:30 INFO  : Setting rebuild state to true for all configurations of project Echo.
22:01:52 INFO  : Successfully generated /home/constantine/ARTY_A7/Vivado_prjct/Vivado_prjct.sdk/Echo/src/lscript.ld.
22:01:52 INFO  : Applying linker script to all configurations of project Echo.
22:01:52 INFO  : Setting rebuild state to true for all configurations of project Echo.
22:02:26 INFO  : 'targets -set -filter {jtag_cable_name =~ "Digilent Arty 210319A434C0A" && level==0} -index 0' command is executed.
22:02:26 INFO  : 'fpga -state' command is executed.
22:02:26 INFO  : Connected to target on host '127.0.0.1' and port '3121'.
22:02:26 INFO  : Jtag cable 'Digilent Arty 210319A434C0A' is selected.
22:02:26 INFO  : 'jtag frequency' command is executed.
22:02:26 INFO  : Context for processor 'microblaze_0' is selected.
22:02:26 INFO  : System reset is completed.
22:02:29 INFO  : 'after 3000' command is executed.
22:02:29 INFO  : Context for processor 'microblaze_0' is selected.
22:02:30 INFO  : The application '/home/constantine/ARTY_A7/Vivado_prjct/Vivado_prjct.sdk/Echo/Debug/Echo.elf' is downloaded to processor 'microblaze_0'.
22:02:30 INFO  : ----------------XSDB Script----------------
connect -url tcp:127.0.0.1:3121
targets -set -nocase -filter {name =~ "microblaze*#0" && bscan=="USER2"  && jtag_cable_name =~ "Digilent Arty 210319A434C0A"} -index 0
rst -system
after 3000
targets -set -nocase -filter {name =~ "microblaze*#0" && bscan=="USER2"  && jtag_cable_name =~ "Digilent Arty 210319A434C0A"} -index 0
dow /home/constantine/ARTY_A7/Vivado_prjct/Vivado_prjct.sdk/Echo/Debug/Echo.elf
----------------End of Script----------------

22:02:30 INFO  : Memory regions updated for context MicroBlaze #0
22:02:30 INFO  : Memory regions updated for context MicroBlaze Debug Module at USER2
22:02:30 INFO  : Launch script is exported to file '/home/constantine/ARTY_A7/Vivado_prjct/Vivado_prjct.sdk/.sdk/launch_scripts/xilinx_c-c++_application_(system_debugger)/system_debugger_on_local.tcl'
22:05:14 INFO  : Disconnected from the channel tcfchan#1.
22:05:17 INFO  : 'targets -set -filter {jtag_cable_name =~ "Digilent Arty 210319A434C0A" && level==0} -index 0' command is executed.
22:05:17 INFO  : 'fpga -state' command is executed.
22:05:17 INFO  : Connected to target on host '127.0.0.1' and port '3121'.
22:05:17 INFO  : Jtag cable 'Digilent Arty 210319A434C0A' is selected.
22:05:17 INFO  : 'jtag frequency' command is executed.
22:05:17 INFO  : Context for processor 'microblaze_0' is selected.
22:05:17 INFO  : System reset is completed.
22:05:20 INFO  : 'after 3000' command is executed.
22:05:20 INFO  : Context for processor 'microblaze_0' is selected.
22:05:21 INFO  : The application '/home/constantine/ARTY_A7/Vivado_prjct/Vivado_prjct.sdk/Echo/Debug/Echo.elf' is downloaded to processor 'microblaze_0'.
22:05:21 INFO  : ----------------XSDB Script----------------
connect -url tcp:127.0.0.1:3121
targets -set -nocase -filter {name =~ "microblaze*#0" && bscan=="USER2"  && jtag_cable_name =~ "Digilent Arty 210319A434C0A"} -index 0
rst -system
after 3000
targets -set -nocase -filter {name =~ "microblaze*#0" && bscan=="USER2"  && jtag_cable_name =~ "Digilent Arty 210319A434C0A"} -index 0
dow /home/constantine/ARTY_A7/Vivado_prjct/Vivado_prjct.sdk/Echo/Debug/Echo.elf
----------------End of Script----------------

22:05:21 INFO  : Memory regions updated for context MicroBlaze #0
22:05:21 INFO  : Memory regions updated for context MicroBlaze Debug Module at USER2
22:05:21 INFO  : Launch script is exported to file '/home/constantine/ARTY_A7/Vivado_prjct/Vivado_prjct.sdk/.sdk/launch_scripts/xilinx_c-c++_application_(system_debugger)/system_debugger_on_local.tcl'
22:06:12 INFO  : Disconnected from the channel tcfchan#2.
22:06:16 ERROR : no targets found with "jtag_cable_name =~ "Digilent Arty 210319A434C0A" && level==0". available targets:
  1  xc7a35t
     2  MicroBlaze Debug Module at USER2
        3* MicroBlaze #0 (Running)
22:06:21 INFO  : 'targets -set -filter {jtag_cable_name =~ "Digilent Arty 210319A434C0A" && level==0} -index 0' command is executed.
22:06:21 INFO  : 'fpga -state' command is executed.
22:06:21 INFO  : Connected to target on host '127.0.0.1' and port '3121'.
22:06:21 INFO  : Jtag cable 'Digilent Arty 210319A434C0A' is selected.
22:06:21 INFO  : 'jtag frequency' command is executed.
22:06:21 INFO  : Context for processor 'microblaze_0' is selected.
22:06:21 INFO  : System reset is completed.
22:06:24 INFO  : 'after 3000' command is executed.
22:06:24 INFO  : Context for processor 'microblaze_0' is selected.
22:06:25 INFO  : The application '/home/constantine/ARTY_A7/Vivado_prjct/Vivado_prjct.sdk/Echo/Debug/Echo.elf' is downloaded to processor 'microblaze_0'.
22:06:25 INFO  : ----------------XSDB Script----------------
connect -url tcp:127.0.0.1:3121
targets -set -nocase -filter {name =~ "microblaze*#0" && bscan=="USER2"  && jtag_cable_name =~ "Digilent Arty 210319A434C0A"} -index 0
rst -system
after 3000
targets -set -nocase -filter {name =~ "microblaze*#0" && bscan=="USER2"  && jtag_cable_name =~ "Digilent Arty 210319A434C0A"} -index 0
dow /home/constantine/ARTY_A7/Vivado_prjct/Vivado_prjct.sdk/Echo/Debug/Echo.elf
----------------End of Script----------------

22:06:25 INFO  : Memory regions updated for context MicroBlaze #0
22:06:25 INFO  : Memory regions updated for context MicroBlaze Debug Module at USER2
22:06:25 INFO  : Launch script is exported to file '/home/constantine/ARTY_A7/Vivado_prjct/Vivado_prjct.sdk/.sdk/launch_scripts/xilinx_c-c++_application_(system_debugger)/system_debugger_on_local.tcl'
22:08:15 INFO  : Disconnected from the channel tcfchan#3.
22:08:16 INFO  : 'targets -set -filter {jtag_cable_name =~ "Digilent Arty 210319A434C0A" && level==0} -index 0' command is executed.
22:08:16 INFO  : 'fpga -state' command is executed.
22:08:16 INFO  : Connected to target on host '127.0.0.1' and port '3121'.
22:08:16 INFO  : Jtag cable 'Digilent Arty 210319A434C0A' is selected.
22:08:16 INFO  : 'jtag frequency' command is executed.
22:08:16 INFO  : Context for processor 'microblaze_0' is selected.
22:08:16 INFO  : System reset is completed.
22:08:19 INFO  : 'after 3000' command is executed.
22:08:19 INFO  : Context for processor 'microblaze_0' is selected.
22:08:20 INFO  : The application '/home/constantine/ARTY_A7/Vivado_prjct/Vivado_prjct.sdk/Echo/Debug/Echo.elf' is downloaded to processor 'microblaze_0'.
22:08:20 INFO  : ----------------XSDB Script----------------
connect -url tcp:127.0.0.1:3121
targets -set -nocase -filter {name =~ "microblaze*#0" && bscan=="USER2"  && jtag_cable_name =~ "Digilent Arty 210319A434C0A"} -index 0
rst -system
after 3000
targets -set -nocase -filter {name =~ "microblaze*#0" && bscan=="USER2"  && jtag_cable_name =~ "Digilent Arty 210319A434C0A"} -index 0
dow /home/constantine/ARTY_A7/Vivado_prjct/Vivado_prjct.sdk/Echo/Debug/Echo.elf
----------------End of Script----------------

22:08:20 INFO  : Memory regions updated for context MicroBlaze #0
22:08:20 INFO  : Memory regions updated for context MicroBlaze Debug Module at USER2
22:08:20 INFO  : Launch script is exported to file '/home/constantine/ARTY_A7/Vivado_prjct/Vivado_prjct.sdk/.sdk/launch_scripts/xilinx_c-c++_application_(system_debugger)/system_debugger_on_local.tcl'
22:09:12 INFO  : Disconnected from the channel tcfchan#4.
22:09:15 INFO  : 'targets -set -filter {jtag_cable_name =~ "Digilent Arty 210319A434C0A" && level==0} -index 0' command is executed.
22:09:15 INFO  : 'fpga -state' command is executed.
22:09:15 INFO  : Connected to target on host '127.0.0.1' and port '3121'.
22:09:15 INFO  : Jtag cable 'Digilent Arty 210319A434C0A' is selected.
22:09:15 INFO  : 'jtag frequency' command is executed.
22:09:15 INFO  : Context for processor 'microblaze_0' is selected.
22:09:15 INFO  : System reset is completed.
22:09:18 INFO  : 'after 3000' command is executed.
22:09:18 INFO  : Context for processor 'microblaze_0' is selected.
22:09:19 INFO  : The application '/home/constantine/ARTY_A7/Vivado_prjct/Vivado_prjct.sdk/Echo/Debug/Echo.elf' is downloaded to processor 'microblaze_0'.
22:09:19 INFO  : ----------------XSDB Script----------------
connect -url tcp:127.0.0.1:3121
targets -set -nocase -filter {name =~ "microblaze*#0" && bscan=="USER2"  && jtag_cable_name =~ "Digilent Arty 210319A434C0A"} -index 0
rst -system
after 3000
targets -set -nocase -filter {name =~ "microblaze*#0" && bscan=="USER2"  && jtag_cable_name =~ "Digilent Arty 210319A434C0A"} -index 0
dow /home/constantine/ARTY_A7/Vivado_prjct/Vivado_prjct.sdk/Echo/Debug/Echo.elf
----------------End of Script----------------

22:09:19 INFO  : Memory regions updated for context MicroBlaze #0
22:09:19 INFO  : Memory regions updated for context MicroBlaze Debug Module at USER2
22:09:19 INFO  : Launch script is exported to file '/home/constantine/ARTY_A7/Vivado_prjct/Vivado_prjct.sdk/.sdk/launch_scripts/xilinx_c-c++_application_(system_debugger)/system_debugger_on_local.tcl'
22:10:25 INFO  : Disconnected from the channel tcfchan#5.
22:10:26 INFO  : 'targets -set -filter {jtag_cable_name =~ "Digilent Arty 210319A434C0A" && level==0} -index 0' command is executed.
22:10:26 INFO  : 'fpga -state' command is executed.
22:10:26 INFO  : Connected to target on host '127.0.0.1' and port '3121'.
22:10:26 INFO  : Jtag cable 'Digilent Arty 210319A434C0A' is selected.
22:10:26 INFO  : 'jtag frequency' command is executed.
22:10:26 INFO  : Context for processor 'microblaze_0' is selected.
22:10:26 INFO  : System reset is completed.
22:10:29 INFO  : 'after 3000' command is executed.
22:10:29 INFO  : Context for processor 'microblaze_0' is selected.
22:10:30 INFO  : The application '/home/constantine/ARTY_A7/Vivado_prjct/Vivado_prjct.sdk/Echo/Debug/Echo.elf' is downloaded to processor 'microblaze_0'.
22:10:30 INFO  : ----------------XSDB Script----------------
connect -url tcp:127.0.0.1:3121
targets -set -nocase -filter {name =~ "microblaze*#0" && bscan=="USER2"  && jtag_cable_name =~ "Digilent Arty 210319A434C0A"} -index 0
rst -system
after 3000
targets -set -nocase -filter {name =~ "microblaze*#0" && bscan=="USER2"  && jtag_cable_name =~ "Digilent Arty 210319A434C0A"} -index 0
dow /home/constantine/ARTY_A7/Vivado_prjct/Vivado_prjct.sdk/Echo/Debug/Echo.elf
----------------End of Script----------------

22:10:30 INFO  : Memory regions updated for context MicroBlaze #0
22:10:30 INFO  : Memory regions updated for context MicroBlaze Debug Module at USER2
22:10:30 INFO  : Launch script is exported to file '/home/constantine/ARTY_A7/Vivado_prjct/Vivado_prjct.sdk/.sdk/launch_scripts/xilinx_c-c++_application_(system_debugger)/system_debugger_on_local.tcl'
22:11:14 INFO  : Disconnected from the channel tcfchan#6.
22:15:08 ERROR : (XSDB Server)Invalid target. Use "connect" command to connect to hw_server/TCF agent

22:15:08 ERROR : (XSDB Server)Invalid target. Use "connect" command to connect to hw_server/TCF agent
Invalid target. Use "connect" command to connect to hw_server/TCF agent

12:34:16 INFO  : Registering command handlers for SDK TCF services
12:34:16 INFO  : Launching XSCT server: xsct -n -interactive /home/constantine/ARTY_A7/Vivado_prjct/Vivado_prjct.sdk/temp_xsdb_launch_script.tcl
12:34:17 INFO  : XSCT server has started successfully.
12:34:18 INFO  : Successfully done setting XSCT server connection channel  
12:34:18 INFO  : Successfully done setting SDK workspace  
12:34:18 INFO  : Processing command line option -hwspec /home/constantine/ARTY_A7/Vivado_prjct/Vivado_prjct.sdk/system_wrapper.hdf.
12:34:18 INFO  : Checking for hwspec changes in the project system_wrapper_hw_platform_0.
12:34:18 INFO  : SDK has detected change in the last modified timestamps for source hardware specification file Source:1530610360000,  Project:1530557590000
12:34:18 INFO  : The hardware specification for project 'system_wrapper_hw_platform_0' is different from /home/constantine/ARTY_A7/Vivado_prjct/Vivado_prjct.sdk/system_wrapper.hdf.
12:34:18 INFO  : Copied contents of /home/constantine/ARTY_A7/Vivado_prjct/Vivado_prjct.sdk/system_wrapper.hdf into /system_wrapper_hw_platform_0/system.hdf.
12:34:18 INFO  : Synchronizing projects in the workspace with the hardware platform specification changes.
12:34:19 INFO  : 
12:34:21 INFO  : Updating hardware inferred compiler options for Echo.
12:34:21 INFO  : Clearing existing target manager status.
12:34:48 ERROR : Unexpected error while parsing XMD response ￿: com.google.gson.JsonSyntaxException: com.google.gson.stream.MalformedJsonException: invalid number or unquoted string near 
12:35:27 INFO  : Launching XSCT server: xsct -n -interactive /home/constantine/ARTY_A7/Vivado_prjct/Vivado_prjct.sdk/temp_xsdb_launch_script.tcl
12:35:27 INFO  : Registering command handlers for SDK TCF services
12:35:28 INFO  : XSCT server has started successfully.
12:35:28 INFO  : Successfully done setting XSCT server connection channel  
12:35:28 INFO  : Successfully done setting SDK workspace  
12:35:28 INFO  : Processing command line option -hwspec /home/constantine/ARTY_A7/Vivado_prjct/Vivado_prjct.sdk/system_wrapper.hdf.
12:36:19 INFO  : Refreshed build settings on project LWIP_echo
12:37:09 INFO  : Connected to target on host '127.0.0.1' and port '3121'.
12:37:09 INFO  : 'targets -set -filter {jtag_cable_name =~ "Digilent Arty 210319A434C0A" && level==0} -index 0' command is executed.
12:37:09 ERROR : couldn't open "/home/constantine/ARTY_A7/Vivado_prjct/Vivado_prjct.sdk/system_wrapper_hw_platform_0/download.bit": no such file or directory
12:37:15 INFO  : Inferring section assignments and sizes from elf file: /home/constantine/ARTY_A7/Vivado_prjct/Vivado_prjct.sdk/LWIP_echo/Debug/LWIP_echo.elf
12:38:12 INFO  : Successfully generated /home/constantine/ARTY_A7/Vivado_prjct/Vivado_prjct.sdk/LWIP_echo/src/lscript.ld.
12:38:12 INFO  : Applying linker script to all configurations of project LWIP_echo.
12:38:12 INFO  : Setting rebuild state to true for all configurations of project LWIP_echo.
12:39:40 INFO  : Connected to target on host '127.0.0.1' and port '3121'.
12:39:40 INFO  : Jtag cable 'Digilent Arty 210319A434C0A' is selected.
12:39:40 INFO  : 'jtag frequency' command is executed.
12:39:40 INFO  : 'targets -set -filter {jtag_cable_name =~ "Digilent Arty 210319A434C0A" && level==0} -index 0' command is executed.
12:39:44 INFO  : FPGA configured successfully with bitstream "/home/constantine/ARTY_A7/Vivado_prjct/Vivado_prjct.sdk/system_wrapper_hw_platform_0/system_wrapper.bit"
12:39:44 INFO  : Context for processor 'microblaze_0' is selected.
12:39:44 INFO  : System reset is completed.
12:39:47 INFO  : 'after 3000' command is executed.
12:39:47 INFO  : Context for processor 'microblaze_0' is selected.
12:39:48 INFO  : The application '/home/constantine/ARTY_A7/Vivado_prjct/Vivado_prjct.sdk/LWIP_echo/Debug/LWIP_echo.elf' is downloaded to processor 'microblaze_0'.
12:39:48 INFO  : ----------------XSDB Script----------------
connect -url tcp:127.0.0.1:3121
targets -set -filter {jtag_cable_name =~ "Digilent Arty 210319A434C0A" && level==0} -index 0
fpga -file /home/constantine/ARTY_A7/Vivado_prjct/Vivado_prjct.sdk/system_wrapper_hw_platform_0/system_wrapper.bit
targets -set -nocase -filter {name =~ "microblaze*#0" && bscan=="USER2"  && jtag_cable_name =~ "Digilent Arty 210319A434C0A"} -index 0
rst -system
after 3000
targets -set -nocase -filter {name =~ "microblaze*#0" && bscan=="USER2"  && jtag_cable_name =~ "Digilent Arty 210319A434C0A"} -index 0
dow /home/constantine/ARTY_A7/Vivado_prjct/Vivado_prjct.sdk/LWIP_echo/Debug/LWIP_echo.elf
----------------End of Script----------------

12:39:48 INFO  : Memory regions updated for context MicroBlaze #0
12:39:48 INFO  : Memory regions updated for context MicroBlaze Debug Module at USER2
12:39:48 INFO  : Context for processor 'microblaze_0' is selected.
12:39:48 INFO  : 'con' command is executed.
12:39:48 INFO  : ----------------XSDB Script (After Launch)----------------
targets -set -nocase -filter {name =~ "microblaze*#0" && bscan=="USER2"  && jtag_cable_name =~ "Digilent Arty 210319A434C0A"} -index 0
con
----------------End of Script----------------

12:39:48 INFO  : Launch script is exported to file '/home/constantine/ARTY_A7/Vivado_prjct/Vivado_prjct.sdk/.sdk/launch_scripts/xilinx_c-c++_application_(system_debugger)/system_debugger_using_debug_lwip_echo.elf_on_local.tcl'
12:39:57 INFO  : Disconnected from the channel tcfchan#1.
12:40:16 INFO  : Connected to target on host '127.0.0.1' and port '3121'.
12:40:17 INFO  : Jtag cable 'Digilent Arty 210319A434C0A' is selected.
12:40:17 INFO  : 'jtag frequency' command is executed.
12:40:17 INFO  : 'targets -set -filter {jtag_cable_name =~ "Digilent Arty 210319A434C0A" && level==0} -index 0' command is executed.
12:40:21 INFO  : FPGA configured successfully with bitstream "/home/constantine/ARTY_A7/Vivado_prjct/Vivado_prjct.sdk/system_wrapper_hw_platform_0/system_wrapper.bit"
12:40:21 INFO  : Context for processor 'microblaze_0' is selected.
12:40:21 INFO  : System reset is completed.
12:40:24 INFO  : 'after 3000' command is executed.
12:40:24 INFO  : Context for processor 'microblaze_0' is selected.
12:40:24 INFO  : The application '/home/constantine/ARTY_A7/Vivado_prjct/Vivado_prjct.sdk/LWIP_echo/Debug/LWIP_echo.elf' is downloaded to processor 'microblaze_0'.
12:40:24 INFO  : ----------------XSDB Script----------------
connect -url tcp:127.0.0.1:3121
targets -set -filter {jtag_cable_name =~ "Digilent Arty 210319A434C0A" && level==0} -index 0
fpga -file /home/constantine/ARTY_A7/Vivado_prjct/Vivado_prjct.sdk/system_wrapper_hw_platform_0/system_wrapper.bit
targets -set -nocase -filter {name =~ "microblaze*#0" && bscan=="USER2"  && jtag_cable_name =~ "Digilent Arty 210319A434C0A"} -index 0
rst -system
after 3000
targets -set -nocase -filter {name =~ "microblaze*#0" && bscan=="USER2"  && jtag_cable_name =~ "Digilent Arty 210319A434C0A"} -index 0
dow /home/constantine/ARTY_A7/Vivado_prjct/Vivado_prjct.sdk/LWIP_echo/Debug/LWIP_echo.elf
----------------End of Script----------------

12:40:25 INFO  : Memory regions updated for context MicroBlaze #0
12:40:25 INFO  : Memory regions updated for context MicroBlaze Debug Module at USER2
12:40:25 INFO  : Context for processor 'microblaze_0' is selected.
12:40:25 INFO  : 'con' command is executed.
12:40:25 INFO  : ----------------XSDB Script (After Launch)----------------
targets -set -nocase -filter {name =~ "microblaze*#0" && bscan=="USER2"  && jtag_cable_name =~ "Digilent Arty 210319A434C0A"} -index 0
con
----------------End of Script----------------

12:40:25 INFO  : Launch script is exported to file '/home/constantine/ARTY_A7/Vivado_prjct/Vivado_prjct.sdk/.sdk/launch_scripts/xilinx_c-c++_application_(system_debugger)/echo.tcl'
12:41:30 INFO  : Disconnected from the channel tcfchan#2.
12:42:24 INFO  : Inferring section assignments and sizes from elf file: /home/constantine/ARTY_A7/Vivado_prjct/Vivado_prjct.sdk/mem_test/Debug/mem_test.elf
12:42:27 INFO  : Successfully generated /home/constantine/ARTY_A7/Vivado_prjct/Vivado_prjct.sdk/mem_test/src/lscript.ld.
12:42:27 INFO  : Applying linker script to all configurations of project mem_test.
12:42:27 INFO  : Setting rebuild state to true for all configurations of project mem_test.
12:43:12 INFO  : Connected to target on host '127.0.0.1' and port '3121'.
12:43:12 INFO  : 'targets -set -filter {jtag_cable_name =~ "Digilent Arty 210319A434C0A" && level==0} -index 0' command is executed.
12:43:15 INFO  : FPGA configured successfully with bitstream "/home/constantine/ARTY_A7/Vivado_prjct/Vivado_prjct.sdk/system_wrapper_hw_platform_0/download.bit"
12:43:59 INFO  : Inferring section assignments and sizes from elf file: /home/constantine/ARTY_A7/Vivado_prjct/Vivado_prjct.sdk/test/Debug/test.elf
12:44:03 INFO  : Successfully generated /home/constantine/ARTY_A7/Vivado_prjct/Vivado_prjct.sdk/test/src/lscript.ld.
12:44:03 INFO  : Applying linker script to all configurations of project test.
12:44:03 INFO  : Setting rebuild state to true for all configurations of project test.
12:44:17 INFO  : Connected to target on host '127.0.0.1' and port '3121'.
12:44:17 INFO  : 'targets -set -filter {jtag_cable_name =~ "Digilent Arty 210319A434C0A" && level==0} -index 0' command is executed.
12:44:20 INFO  : FPGA configured successfully with bitstream "/home/constantine/ARTY_A7/Vivado_prjct/Vivado_prjct.sdk/system_wrapper_hw_platform_0/download.bit"
12:46:09 INFO  : Saving repository preferences.
12:46:09 INFO  : Reading in cores from local repositories: 
		 /home/constantine/ARTY_A7/BSP/device-tree-xlnx
12:46:09 INFO  : Cleaning BSP projects in the workspace.
14:19:32 ERROR : (XSDB Server)unsupported reset

14:19:32 ERROR : (XSDB Server)Code 16 Time 1530616772464 Format {Invalid context}

14:23:48 INFO  : Connected to target on host '127.0.0.1' and port '3121'.
14:23:48 INFO  : 'targets -set -filter {jtag_cable_name =~ "Digilent Arty 210319A434C0A" && level==0} -index 0' command is executed.
14:23:49 INFO  : FPGA configured successfully with bitstream "/home/constantine/ARTY_A7/Vivado_prjct/Vivado_prjct.sdk/system_wrapper_hw_platform_0/download.bit"
19:04:42 ERROR : (XSDB Server)invalid command name "/home/constantine/ARTY_A7/Linux/linux-xlnx"

19:39:56 INFO  : Connected to target on host '127.0.0.1' and port '3121'.
19:39:56 INFO  : 'targets -set -filter {jtag_cable_name =~ "Digilent Arty 210319A434C0A" && level==0} -index 0' command is executed.
19:39:59 INFO  : FPGA configured successfully with bitstream "/home/constantine/ARTY_A7/Vivado_prjct/Vivado_prjct.sdk/system_wrapper_hw_platform_0/download.bit"
14:55:18 ERROR : (XSDB Server)unsupported reset

14:55:18 ERROR : (XSDB Server)Code 16 Time 1530705318163 Format {Invalid context}

14:55:18 ERROR : (XSDB Server)Invalid context

14:55:32 ERROR : (XSDB Server)unsupported reset

14:55:32 ERROR : (XSDB Server)Code 16 Time 1530705332723 Format {Invalid context}

14:55:32 ERROR : (XSDB Server)Invalid context

14:56:08 ERROR : (XSDB Server)unsupported reset

14:56:08 ERROR : (XSDB Server)Code 16 Time 1530705332723 Format {Invalid context}

14:56:08 ERROR : (XSDB Server)Invalid context

14:56:16 ERROR : (XSDB Server)no targets found with "name =~ "MicroBlaze #0"". available targets:
  1  xc7a35t

14:56:31 INFO  : Connected to target on host '127.0.0.1' and port '3121'.
14:56:31 INFO  : 'targets -set -filter {jtag_cable_name =~ "Digilent Arty 210319A434C0A" && level==0} -index 0' command is executed.
14:56:33 INFO  : FPGA configured successfully with bitstream "/home/constantine/ARTY_A7/Vivado_prjct/Vivado_prjct.sdk/system_wrapper_hw_platform_0/download.bit"
14:56:45 ERROR : (XSDB Server)Code 16 Time 1530705332723 Format {Invalid context}

14:56:45 ERROR : (XSDB Server)Already running

14:57:02 ERROR : (XSDB Server)Code 16 Time 1530705332723 Format {Invalid context}
Already running

17:00:53 INFO  : Registering command handlers for SDK TCF services
17:00:53 INFO  : Launching XSCT server: xsct -n -interactive /media/constantine/Work/ARTY_A7/Vivado_prjct_final/Vivado_prjct.sdk/temp_xsdb_launch_script.tcl
17:00:54 INFO  : XSCT server has started successfully.
17:00:54 INFO  : Successfully done setting XSCT server connection channel  
17:00:54 INFO  : Successfully done setting SDK workspace  
17:00:54 INFO  : Restoring local repository preferences: 
		 /home/constantine/Public/Zynq_EC/SOURCES/device-tree-xlnx
17:00:54 WARN  : Invalid repository path /home/constantine/Public/Zynq_EC/SOURCES/device-tree-xlnx.
17:01:33 INFO  : Launching XSCT server: xsct -n -interactive /media/constantine/Work/ARTY_A7/Vivado_prjct_final/Vivado_prjct.sdk/temp_xsdb_launch_script.tcl
17:01:33 INFO  : Registering command handlers for SDK TCF services
17:01:34 INFO  : XSCT server has started successfully.
17:01:34 INFO  : Successfully done setting XSCT server connection channel  
17:01:35 INFO  : Successfully done setting SDK workspace  
17:01:35 INFO  : Restoring local repository preferences: 
		 /home/constantine/Public/Zynq_EC/SOURCES/device-tree-xlnx
17:01:35 WARN  : Invalid repository path /home/constantine/Public/Zynq_EC/SOURCES/device-tree-xlnx.
17:02:00 ERROR : (XSDB Server)ERROR: [Hsi 55-1597] SwCore axi_qspi is not found in Repositories

17:02:00 ERROR : (XSDB Server)ERROR: [Hsi 55-1594] Core axi_qspi of version  not found in repositories
ERROR: [Hsi 55-1597] SwCore axi_xadc is not found in Repositories
ERROR: [Hsi 55-1594] Core axi_xadc of version  not found in repositories
ERROR: [Hsi 55-1597] SwCore device_tree is not found in Repositories
ERROR: [Hsi 55-1594] Core device_tree of version  not found in repositories

17:02:00 ERROR : (XSDB Server)ERROR: [Hsi 55-1452] Error: running open_sw_design.

17:02:00 ERROR :  [Common 17-39] 'hsi::open_sw_design' failed due to earlier errors.
17:02:00 ERROR : (XSDB Server)ERROR: [Hsi 55-1597] SwCore axi_qspi is not found in Repositories

17:02:00 ERROR : (XSDB Server)ERROR: [Hsi 55-1594] Core axi_qspi of version  not found in repositories
ERROR: [Hsi 55-1597] SwCore axi_xadc is not found in Repositories

17:02:00 ERROR : (XSDB Server)ERROR: [Hsi 55-1594] Core axi_xadc of version  not found in repositories
ERROR: [Hsi 55-1597] SwCore device_tree is not found in Repositories
ERROR: [Hsi 55-1594] Core device_tree of version  not found in repositories

17:02:00 ERROR : (XSDB Server)ERROR: [Hsi 55-1452] Error: running open_sw_design.

17:02:00 INFO  : Unable to read in MSS file /media/constantine/Work/ARTY_A7/Vivado_prjct_final/Vivado_prjct.sdk/device_tree_bsp_0/system.mss : null
17:02:00 ERROR : (XSDB Server)ERROR: [Hsi 55-1597] SwCore axi_qspi is not found in Repositories

17:02:00 ERROR : (XSDB Server)ERROR: [Hsi 55-1594] Core axi_qspi of version  not found in repositories
ERROR: [Hsi 55-1597] SwCore axi_xadc is not found in Repositories

17:02:00 ERROR : (XSDB Server)ERROR: [Hsi 55-1594] Core axi_xadc of version  not found in repositories
ERROR: [Hsi 55-1597] SwCore device_tree is not found in Repositories
ERROR: [Hsi 55-1594] Core device_tree of version  not found in repositories

17:02:00 ERROR : (XSDB Server)ERROR: [Hsi 55-1452] Error: running open_sw_design.

17:02:00 ERROR : Failed in generating sources
17:02:00 INFO  : BSP Project P/device_tree_bsp_0 has been successfully migrated.
17:53:29 ERROR : (XSDB Server)Invalid target. Use "connect" command to connect to hw_server/TCF agent

17:53:29 ERROR : (XSDB Server)Invalid target. Use "connect" command to connect to hw_server/TCF agent

17:53:29 ERROR : (XSDB Server)Invalid target. Use "targets" command to select a target

17:54:15 INFO  : Connected to target on host '127.0.0.1' and port '3121'.
17:54:15 INFO  : 'targets -set -filter {jtag_cable_name =~ "Digilent Arty 210319A434C0A" && level==0} -index 0' command is executed.
17:54:16 INFO  : FPGA configured successfully with bitstream "/media/constantine/Work/ARTY_A7/Vivado_prjct_final/Vivado_prjct.sdk/system_wrapper_hw_platform_0/download.bit"
17:54:39 INFO  : Connected to target on host '127.0.0.1' and port '3121'.
17:54:39 INFO  : 'targets -set -filter {jtag_cable_name =~ "Digilent Arty 210319A434C0A" && level==0} -index 0' command is executed.
17:54:40 INFO  : FPGA configured successfully with bitstream "/media/constantine/Work/ARTY_A7/Vivado_prjct_final/Vivado_prjct.sdk/system_wrapper_hw_platform_0/download.bit"
17:55:26 INFO  : Connected to target on host '127.0.0.1' and port '3121'.
17:55:26 INFO  : 'targets -set -filter {jtag_cable_name =~ "Digilent Arty 210319A434C0A" && level==0} -index 0' command is executed.
17:55:27 INFO  : FPGA configured successfully with bitstream "/media/constantine/Work/ARTY_A7/Vivado_prjct_final/Vivado_prjct.sdk/system_wrapper_hw_platform_0/download.bit"
18:00:38 INFO  : Connected to target on host '127.0.0.1' and port '3121'.
18:00:38 INFO  : 'targets -set -filter {jtag_cable_name =~ "Digilent Arty 210319A434C0A" && level==0} -index 0' command is executed.
18:00:39 INFO  : FPGA configured successfully with bitstream "/media/constantine/Work/ARTY_A7/Vivado_prjct_final/Vivado_prjct.sdk/system_wrapper_hw_platform_0/download.bit"
18:04:03 INFO  : Connected to target on host '127.0.0.1' and port '3121'.
18:04:03 INFO  : 'targets -set -filter {jtag_cable_name =~ "Digilent Arty 210319A434C0A" && level==0} -index 0' command is executed.
18:04:06 INFO  : FPGA configured successfully with bitstream "/media/constantine/Work/ARTY_A7/Vivado_prjct_final/Vivado_prjct.sdk/system_wrapper_hw_platform_0/download.bit"
18:07:28 INFO  : Inferring section assignments and sizes from elf file: /media/constantine/Work/ARTY_A7/Vivado_prjct_final/Vivado_prjct.sdk/LWIP_echo/Debug/LWIP_echo.elf
18:14:32 ERROR : (XSDB Server)unsupported reset

18:14:32 ERROR : (XSDB Server)Context does not support memory write. Unsupported command

18:14:32 ERROR : (XSDB Server)no register match: pc

18:15:13 INFO  : Connected to target on host '127.0.0.1' and port '3121'.
18:15:13 INFO  : 'targets -set -filter {jtag_cable_name =~ "Digilent Arty 210319A434C0A" && level==0} -index 0' command is executed.
18:15:16 INFO  : FPGA configured successfully with bitstream "/media/constantine/Work/ARTY_A7/Vivado_prjct_final/Vivado_prjct.sdk/system_wrapper_hw_platform_0/download.bit"
18:15:22 ERROR : (XSDB Server)child process exited abnormally

18:15:28 ERROR : (XSDB Server)unsupported reset

18:15:28 ERROR : (XSDB Server)Code 16 Time 1530976528386 Format {Invalid context}

00:08:41 INFO  : Launching XSCT server: xsct -n -interactive /media/constantine/Work/ARTY_A7/Vivado_prjct_final/Vivado_prjct.sdk/temp_xsdb_launch_script.tcl
00:08:41 INFO  : Registering command handlers for SDK TCF services
00:08:42 INFO  : XSCT server has started successfully.
00:08:42 INFO  : Successfully done setting XSCT server connection channel  
00:08:42 INFO  : Successfully done setting SDK workspace  
00:08:42 INFO  : Restoring local repository preferences: 
		 /home/constantine/Public/Zynq_EC/SOURCES/device-tree-xlnx
00:08:42 WARN  : Invalid repository path /home/constantine/Public/Zynq_EC/SOURCES/device-tree-xlnx.
00:08:42 INFO  : Processing command line option -hwspec /media/constantine/Work/ARTY_A7/Vivado_prjct_final/Vivado_prjct.sdk/system_wrapper.hdf.
00:09:01 ERROR : (XSDB Server)ERROR: [Hsi 55-1597] SwCore axi_qspi is not found in Repositories
ERROR: [Hsi 55-1594] Core axi_qspi of version  not found in repositories

00:09:01 ERROR : (XSDB Server)ERROR: [Hsi 55-1597] SwCore axi_xadc is not found in Repositories
ERROR: [Hsi 55-1594] Core axi_xadc of version  not found in repositories
ERROR: [Hsi 55-1597] SwCore device_tree is not found in Repositories
ERROR: [Hsi 55-1594] Core device_tree of version  not found in repositories

00:09:01 ERROR : (XSDB Server)ERROR: [Hsi 55-1452] Error: running open_sw_design.

00:09:01 ERROR :  [Common 17-39] 'hsi::open_sw_design' failed due to earlier errors.
00:09:01 ERROR : (XSDB Server)ERROR: [Hsi 55-1597] SwCore axi_qspi is not found in Repositories

00:09:01 ERROR : (XSDB Server)ERROR: [Hsi 55-1594] Core axi_qspi of version  not found in repositories
ERROR: [Hsi 55-1597] SwCore axi_xadc is not found in Repositories

00:09:01 ERROR : (XSDB Server)ERROR: [Hsi 55-1594] Core axi_xadc of version  not found in repositories

00:09:01 ERROR : (XSDB Server)ERROR: [Hsi 55-1597] SwCore device_tree is not found in Repositories
ERROR: [Hsi 55-1594] Core device_tree of version  not found in repositories

00:09:01 ERROR : (XSDB Server)ERROR: [Hsi 55-1452] Error: running open_sw_design.

00:09:01 INFO  : Unable to read in MSS file /media/constantine/Work/ARTY_A7/Vivado_prjct_final/Vivado_prjct.sdk/device_tree_bsp_0/system.mss : null
00:09:01 ERROR : Failed to closesw "/media/constantine/Work/ARTY_A7/Vivado_prjct_final/Vivado_prjct.sdk/device_tree_bsp_0/system.mss"
Reason: Cannot close sw design '/media/constantine/Work/ARTY_A7/Vivado_prjct_final/Vivado_prjct.sdk/device_tree_bsp_0/system.mss'.
Design is not opened in the current session.


00:09:29 INFO  : Saving repository preferences.
00:09:29 INFO  : Reading in cores from local repositories: 
		 /media/constantine/Work/ARTY_A7/BSP/device-tree-xlnx
00:09:29 INFO  : Cleaning BSP projects in the workspace.
00:09:30 INFO  : Saving repository preferences.
00:10:25 INFO  : Connected to target on host '127.0.0.1' and port '3121'.
00:10:26 INFO  : 'targets -set -filter {jtag_cable_name =~ "Digilent Arty 210319A434C0A" && level==0} -index 0' command is executed.
00:10:27 INFO  : FPGA configured successfully with bitstream "/media/constantine/Work/ARTY_A7/Vivado_prjct_final/Vivado_prjct.sdk/system_wrapper_hw_platform_0/download.bit"
00:13:14 INFO  : Connected to target on host '127.0.0.1' and port '3121'.
00:13:14 INFO  : 'targets -set -filter {jtag_cable_name =~ "Digilent Arty 210319A434C0A" && level==0} -index 0' command is executed.
00:13:15 INFO  : FPGA configured successfully with bitstream "/media/constantine/Work/ARTY_A7/Vivado_prjct_final/Vivado_prjct.sdk/system_wrapper_hw_platform_0/download.bit"
00:43:12 INFO  : Connected to target on host '127.0.0.1' and port '3121'.
00:43:12 INFO  : 'targets -set -filter {jtag_cable_name =~ "Digilent Arty 210319A434C0A" && level==0} -index 0' command is executed.
00:43:13 INFO  : FPGA configured successfully with bitstream "/media/constantine/Work/ARTY_A7/Vivado_prjct_final/Vivado_prjct.sdk/system_wrapper_hw_platform_0/download.bit"
23:22:50 INFO  : Registering command handlers for SDK TCF services
23:22:50 INFO  : Launching XSCT server: xsct -n -interactive /media/constantine/Work/ARTY_A7/Vivado_prjct_final/Vivado_prjct.sdk/temp_xsdb_launch_script.tcl
23:22:51 INFO  : XSCT server has started successfully.
23:22:51 INFO  : Successfully done setting XSCT server connection channel  
23:22:51 INFO  : Successfully done setting SDK workspace  
23:22:51 INFO  : Restoring local repository preferences: 
		 /media/constantine/Work/ARTY_A7/BSP/device-tree-xlnx
23:22:54 INFO  : BSP Project P/device_tree_bsp_0 has been successfully migrated.
23:57:34 INFO  : Connected to target on host '127.0.0.1' and port '3121'.
23:57:34 INFO  : 'targets -set -filter {jtag_cable_name =~ "Digilent Arty 210319A434C0A" && level==0} -index 0' command is executed.
23:57:36 INFO  : FPGA configured successfully with bitstream "/media/constantine/Work/ARTY_A7/Vivado_prjct_final/Vivado_prjct.sdk/system_wrapper_hw_platform_0/download.bit"
23:59:00 INFO  : Inferring section assignments and sizes from elf file: /media/constantine/Work/ARTY_A7/Vivado_prjct_final/Vivado_prjct.sdk/Matrix_Ashgana/Debug/Matrix_Ashgana.elf
23:59:05 INFO  : Successfully generated /media/constantine/Work/ARTY_A7/Vivado_prjct_final/Vivado_prjct.sdk/Matrix_Ashgana/src/lscript.ld.
23:59:05 INFO  : Applying linker script to all configurations of project Matrix_Ashgana.
23:59:05 INFO  : Setting rebuild state to true for all configurations of project Matrix_Ashgana.
23:59:18 INFO  : Connected to target on host '127.0.0.1' and port '3121'.
23:59:18 INFO  : 'targets -set -filter {jtag_cable_name =~ "Digilent Arty 210319A434C0A" && level==0} -index 0' command is executed.
23:59:19 INFO  : FPGA configured successfully with bitstream "/media/constantine/Work/ARTY_A7/Vivado_prjct_final/Vivado_prjct.sdk/system_wrapper_hw_platform_0/download.bit"
00:00:06 INFO  : Connected to target on host '127.0.0.1' and port '3121'.
00:00:06 INFO  : 'targets -set -filter {jtag_cable_name =~ "Digilent Arty 210319A434C0A" && level==0} -index 0' command is executed.
00:00:08 INFO  : FPGA configured successfully with bitstream "/media/constantine/Work/ARTY_A7/Vivado_prjct_final/Vivado_prjct.sdk/system_wrapper_hw_platform_0/download.bit"
00:00:50 INFO  : Connected to target on host '127.0.0.1' and port '3121'.
00:00:50 INFO  : 'targets -set -filter {jtag_cable_name =~ "Digilent Arty 210319A434C0A" && level==0} -index 0' command is executed.
00:00:52 INFO  : FPGA configured successfully with bitstream "/media/constantine/Work/ARTY_A7/Vivado_prjct_final/Vivado_prjct.sdk/system_wrapper_hw_platform_0/download.bit"
00:01:00 INFO  : Inferring section assignments and sizes from elf file: /media/constantine/Work/ARTY_A7/Vivado_prjct_final/Vivado_prjct.sdk/Matrix_Ashgana/Debug/Matrix_Ashgana.elf
00:01:07 INFO  : Successfully generated /media/constantine/Work/ARTY_A7/Vivado_prjct_final/Vivado_prjct.sdk/Matrix_Ashgana/src/lscript.ld.
00:01:07 INFO  : Applying linker script to all configurations of project Matrix_Ashgana.
00:01:07 INFO  : Setting rebuild state to true for all configurations of project Matrix_Ashgana.
00:01:24 INFO  : Connected to target on host '127.0.0.1' and port '3121'.
00:01:24 INFO  : 'targets -set -filter {jtag_cable_name =~ "Digilent Arty 210319A434C0A" && level==0} -index 0' command is executed.
00:01:27 INFO  : FPGA configured successfully with bitstream "/media/constantine/Work/ARTY_A7/Vivado_prjct_final/Vivado_prjct.sdk/system_wrapper_hw_platform_0/download.bit"
00:02:05 INFO  : Connected to target on host '127.0.0.1' and port '3121'.
00:02:05 INFO  : 'targets -set -filter {jtag_cable_name =~ "Digilent Arty 210319A434C0A" && level==0} -index 0' command is executed.
00:02:08 INFO  : FPGA configured successfully with bitstream "/media/constantine/Work/ARTY_A7/Vivado_prjct_final/Vivado_prjct.sdk/system_wrapper_hw_platform_0/download.bit"
00:03:21 INFO  : 'targets -set -filter {jtag_cable_name =~ "Digilent Arty 210319A434C0A" && level==0} -index 0' command is executed.
00:03:21 INFO  : 'fpga -state' command is executed.
00:03:21 INFO  : Connected to target on host '127.0.0.1' and port '3121'.
00:03:21 INFO  : Jtag cable 'Digilent Arty 210319A434C0A' is selected.
00:03:21 INFO  : 'jtag frequency' command is executed.
00:03:21 INFO  : Context for processor 'microblaze_0' is selected.
00:03:21 INFO  : System reset is completed.
00:03:24 INFO  : 'after 3000' command is executed.
00:03:24 INFO  : Context for processor 'microblaze_0' is selected.
00:03:24 INFO  : The application '/media/constantine/Work/ARTY_A7/Vivado_prjct_final/Vivado_prjct.sdk/Matrix_Ashgana/Debug/Matrix_Ashgana.elf' is downloaded to processor 'microblaze_0'.
00:03:24 INFO  : ----------------XSDB Script----------------
connect -url tcp:127.0.0.1:3121
targets -set -nocase -filter {name =~ "microblaze*#0" && bscan=="USER2"  && jtag_cable_name =~ "Digilent Arty 210319A434C0A"} -index 0
rst -system
after 3000
targets -set -nocase -filter {name =~ "microblaze*#0" && bscan=="USER2"  && jtag_cable_name =~ "Digilent Arty 210319A434C0A"} -index 0
dow /media/constantine/Work/ARTY_A7/Vivado_prjct_final/Vivado_prjct.sdk/Matrix_Ashgana/Debug/Matrix_Ashgana.elf
----------------End of Script----------------

00:03:24 INFO  : Memory regions updated for context MicroBlaze #0
00:03:24 INFO  : Memory regions updated for context MicroBlaze Debug Module at USER2
00:03:24 INFO  : Context for processor 'microblaze_0' is selected.
00:03:24 INFO  : 'con' command is executed.
00:03:24 INFO  : ----------------XSDB Script (After Launch)----------------
targets -set -nocase -filter {name =~ "microblaze*#0" && bscan=="USER2"  && jtag_cable_name =~ "Digilent Arty 210319A434C0A"} -index 0
con
----------------End of Script----------------

00:03:24 INFO  : Launch script is exported to file '/media/constantine/Work/ARTY_A7/Vivado_prjct_final/Vivado_prjct.sdk/.sdk/launch_scripts/xilinx_c-c++_application_(system_debugger)/system_debugger_using_debug_matrix_ashgana.elf_on_local.tcl'
00:03:37 INFO  : Disconnected from the channel tcfchan#1.
00:03:59 INFO  : Connected to target on host '127.0.0.1' and port '3121'.
00:03:59 INFO  : 'targets -set -filter {jtag_cable_name =~ "Digilent Arty 210319A434C0A" && level==0} -index 0' command is executed.
00:04:03 INFO  : FPGA configured successfully with bitstream "/media/constantine/Work/ARTY_A7/Vivado_prjct_final/Vivado_prjct.sdk/system_wrapper_hw_platform_0/download.bit"
00:08:31 INFO  : Connected to target on host '127.0.0.1' and port '3121'.
00:08:31 INFO  : 'targets -set -filter {jtag_cable_name =~ "Digilent Arty 210319A434C0A" && level==0} -index 0' command is executed.
00:08:33 INFO  : FPGA configured successfully with bitstream "/media/constantine/Work/ARTY_A7/Vivado_prjct_final/Vivado_prjct.sdk/system_wrapper_hw_platform_0/download.bit"
00:08:53 INFO  : Connected to target on host '127.0.0.1' and port '3121'.
00:08:53 INFO  : 'targets -set -filter {jtag_cable_name =~ "Digilent Arty 210319A434C0A" && level==0} -index 0' command is executed.
00:08:56 INFO  : FPGA configured successfully with bitstream "/media/constantine/Work/ARTY_A7/Vivado_prjct_final/Vivado_prjct.sdk/system_wrapper_hw_platform_0/download.bit"
00:20:42 INFO  : Connected to target on host '127.0.0.1' and port '3121'.
00:20:42 INFO  : 'targets -set -filter {jtag_cable_name =~ "Digilent Arty 210319A434C0A" && level==0} -index 0' command is executed.
00:20:45 INFO  : FPGA configured successfully with bitstream "/media/constantine/Work/ARTY_A7/Vivado_prjct_final/Vivado_prjct.sdk/system_wrapper_hw_platform_0/download.bit"
00:30:32 INFO  : Connected to target on host '127.0.0.1' and port '3121'.
00:30:32 INFO  : 'targets -set -filter {jtag_cable_name =~ "Digilent Arty 210319A434C0A" && level==0} -index 0' command is executed.
00:30:35 INFO  : FPGA configured successfully with bitstream "/media/constantine/Work/ARTY_A7/Vivado_prjct_final/Vivado_prjct.sdk/system_wrapper_hw_platform_0/download.bit"
00:33:06 INFO  : Connected to target on host '127.0.0.1' and port '3121'.
00:33:06 INFO  : 'targets -set -filter {jtag_cable_name =~ "Digilent Arty 210319A434C0A" && level==0} -index 0' command is executed.
00:33:09 INFO  : FPGA configured successfully with bitstream "/media/constantine/Work/ARTY_A7/Vivado_prjct_final/Vivado_prjct.sdk/system_wrapper_hw_platform_0/download.bit"
00:36:46 INFO  : Connected to target on host '127.0.0.1' and port '3121'.
00:36:46 INFO  : 'targets -set -filter {jtag_cable_name =~ "Digilent Arty 210319A434C0A" && level==0} -index 0' command is executed.
00:36:48 INFO  : FPGA configured successfully with bitstream "/media/constantine/Work/ARTY_A7/Vivado_prjct_final/Vivado_prjct.sdk/system_wrapper_hw_platform_0/download.bit"
00:38:30 INFO  : Connected to target on host '127.0.0.1' and port '3121'.
00:38:30 INFO  : 'targets -set -filter {jtag_cable_name =~ "Digilent Arty 210319A434C0A" && level==0} -index 0' command is executed.
00:38:32 INFO  : FPGA configured successfully with bitstream "/media/constantine/Work/ARTY_A7/Vivado_prjct_final/Vivado_prjct.sdk/system_wrapper_hw_platform_0/download.bit"
00:39:32 INFO  : Connected to target on host '127.0.0.1' and port '3121'.
00:39:32 INFO  : 'targets -set -filter {jtag_cable_name =~ "Digilent Arty 210319A434C0A" && level==0} -index 0' command is executed.
00:39:35 INFO  : FPGA configured successfully with bitstream "/media/constantine/Work/ARTY_A7/Vivado_prjct_final/Vivado_prjct.sdk/system_wrapper_hw_platform_0/download.bit"
09:43:34 INFO  : Connected to target on host '127.0.0.1' and port '3121'.
09:43:34 INFO  : 'targets -set -filter {jtag_cable_name =~ "Digilent Arty 210319A434C0A" && level==0} -index 0' command is executed.
09:43:35 INFO  : FPGA configured successfully with bitstream "/media/constantine/Work/ARTY_A7/Vivado_prjct_final/Vivado_prjct.sdk/system_wrapper_hw_platform_0/download.bit"
