#-----------------------------------------------------------
# Webtalk v2017.2 (64-bit)
# SW Build 1909853 on Thu Jun 15 18:39:10 MDT 2017
# 
# Start of session at: Wed Jul  4 18:21:10 2018
# Process ID: 22249
# Current directory: /home/constantine/ARTY_A7/Vivado_prjct/Vivado_prjct.sdk/webtalk
# Command line: wbtcv -mode batch -source sdk_webtalk.tcl
# Log file: /home/constantine/ARTY_A7/Vivado_prjct/Vivado_prjct.sdk/webtalk/webtalk.log
# Journal file: /home/constantine/ARTY_A7/Vivado_prjct/Vivado_prjct.sdk/webtalk/webtalk.jou
#-----------------------------------------------------------
source sdk_webtalk.tcl
# webtalk_init -webtalk_dir /home/constantine/ARTY_A7/Vivado_prjct/Vivado_prjct.sdk/webtalk
# webtalk_register_client -client project
# webtalk_add_data -client project -key date_generated -value "2018-07-04 18:21:08" -context "software_version_and_target_device"
# webtalk_add_data -client project -key product_version -value "SDK v2017.2" -context "software_version_and_target_device"
# webtalk_add_data -client project -key build_version -value "2017.2" -context "software_version_and_target_device"
# webtalk_add_data -client project -key os_platform -value "amd64" -context "software_version_and_target_device"
# webtalk_add_data -client project -key registration_id -value "" -context "software_version_and_target_device"
# webtalk_add_data -client project -key tool_flow -value "SDK" -context "software_version_and_target_device"
# webtalk_add_data -client project -key beta -value "false" -context "software_version_and_target_device"
# webtalk_add_data -client project -key route_design -value "NA" -context "software_version_and_target_device"
# webtalk_add_data -client project -key target_family -value "NA" -context "software_version_and_target_device"
# webtalk_add_data -client project -key target_device -value "NA" -context "software_version_and_target_device"
# webtalk_add_data -client project -key target_package -value "NA" -context "software_version_and_target_device"
# webtalk_add_data -client project -key target_speed -value "NA" -context "software_version_and_target_device"
# webtalk_add_data -client project -key random_id -value "iprpnnrghgfq9crfvqulg5i9j2" -context "software_version_and_target_device"
# webtalk_add_data -client project -key project_id -value "2017.2_101" -context "software_version_and_target_device"
# webtalk_add_data -client project -key project_iteration -value "101" -context "software_version_and_target_device"
# webtalk_add_data -client project -key os_name -value "Ubuntu" -context "user_environment"
# webtalk_add_data -client project -key os_release -value "Ubuntu 14.04.5 LTS" -context "user_environment"
# webtalk_add_data -client project -key cpu_name -value "Intel(R) Core(TM) i7-4820K CPU @ 3.70GHz" -context "user_environment"
# webtalk_add_data -client project -key cpu_speed -value "3115.125 MHz" -context "user_environment"
# webtalk_add_data -client project -key total_processors -value "1" -context "user_environment"
# webtalk_add_data -client project -key system_ram -value "33,000 GB" -context "user_environment"
# webtalk_register_client -client sdk
# webtalk_add_data -client sdk -key uid -value "1530610528000" -context "sdk\\\\hardware/1530610528000"
# webtalk_add_data -client sdk -key isZynq -value "false" -context "sdk\\\\hardware/1530610528000"
# webtalk_add_data -client sdk -key isZynqMP -value "false" -context "sdk\\\\hardware/1530610528000"
# webtalk_add_data -client sdk -key Processors -value "1" -context "sdk\\\\hardware/1530610528000"
# webtalk_add_data -client sdk -key VivadoVersion -value "2017.2" -context "sdk\\\\hardware/1530610528000"
# webtalk_add_data -client sdk -key Arch -value "artix7" -context "sdk\\\\hardware/1530610528000"
# webtalk_add_data -client sdk -key Device -value "7a35ti" -context "sdk\\\\hardware/1530610528000"
# webtalk_add_data -client sdk -key IsHandoff -value "true" -context "sdk\\\\hardware/1530610528000"
# webtalk_add_data -client sdk -key os -value "NA" -context "sdk\\\\hardware/1530610528000"
# webtalk_add_data -client sdk -key apptemplate -value "NA" -context "sdk\\\\hardware/1530610528000"
# webtalk_add_data -client sdk -key RecordType -value "HWCreation" -context "sdk\\\\hardware/1530610528000"
# webtalk_add_data -client sdk -key uid -value "1530610553000" -context "sdk\\\\bsp/1530610553000"
# webtalk_add_data -client sdk -key hwid -value "1530610528000" -context "sdk\\\\bsp/1530610553000"
# webtalk_add_data -client sdk -key os -value "standalone" -context "sdk\\\\bsp/1530610553000"
# webtalk_add_data -client sdk -key apptemplate -value "lwip_echo_server" -context "sdk\\\\bsp/1530610553000"
# webtalk_add_data -client sdk -key RecordType -value "BSPCreation" -context "sdk\\\\bsp/1530610553000"
# webtalk_add_data -client sdk -key projSize -value "201.0" -context "sdk\\\\bsp/1530610553000"
# webtalk_add_data -client sdk -key uid -value "1530610553000" -context "sdk\\\\application/1530610553000"
# webtalk_add_data -client sdk -key hwid -value "1530610528000" -context "sdk\\\\application/1530610553000"
# webtalk_add_data -client sdk -key bspid -value "1530610553000" -context "sdk\\\\application/1530610553000"
# webtalk_add_data -client sdk -key newbsp -value "true" -context "sdk\\\\application/1530610553000"
# webtalk_add_data -client sdk -key os -value "standalone" -context "sdk\\\\application/1530610553000"
# webtalk_add_data -client sdk -key apptemplate -value "lwip_echo_server" -context "sdk\\\\application/1530610553000"
# webtalk_add_data -client sdk -key RecordType -value "APPCreation" -context "sdk\\\\application/1530610553000"
# webtalk_add_data -client sdk -key LangUsed -value "C" -context "sdk\\\\application/1530610553000"
# webtalk_add_data -client sdk -key Procused -value "microblaze" -context "sdk\\\\application/1530610553000"
# webtalk_add_data -client sdk -key projSize -value "201.0" -context "sdk\\\\application/1530610553000"
# webtalk_add_data -client sdk -key uid -value "1530610938000" -context "sdk\\\\bsp/1530610938000"
# webtalk_add_data -client sdk -key hwid -value "1530610528000" -context "sdk\\\\bsp/1530610938000"
# webtalk_add_data -client sdk -key os -value "standalone" -context "sdk\\\\bsp/1530610938000"
# webtalk_add_data -client sdk -key apptemplate -value "memory_tests" -context "sdk\\\\bsp/1530610938000"
# webtalk_add_data -client sdk -key RecordType -value "BSPCreation" -context "sdk\\\\bsp/1530610938000"
# webtalk_add_data -client sdk -key uid -value "1530610939000" -context "sdk\\\\application/1530610939000"
# webtalk_add_data -client sdk -key hwid -value "1530610528000" -context "sdk\\\\application/1530610939000"
# webtalk_add_data -client sdk -key bspid -value "1530610938000" -context "sdk\\\\application/1530610939000"
# webtalk_add_data -client sdk -key newbsp -value "true" -context "sdk\\\\application/1530610939000"
# webtalk_add_data -client sdk -key os -value "standalone" -context "sdk\\\\application/1530610939000"
# webtalk_add_data -client sdk -key apptemplate -value "memory_tests" -context "sdk\\\\application/1530610939000"
# webtalk_add_data -client sdk -key RecordType -value "APPCreation" -context "sdk\\\\application/1530610939000"
# webtalk_add_data -client sdk -key LangUsed -value "C" -context "sdk\\\\application/1530610939000"
# webtalk_add_data -client sdk -key Procused -value "microblaze" -context "sdk\\\\application/1530610939000"
# webtalk_add_data -client sdk -key projSize -value "100.73046875" -context "sdk\\\\application/1530610939000"
# webtalk_add_data -client sdk -key uid -value "1530611034000" -context "sdk\\\\bsp/1530611034000"
# webtalk_add_data -client sdk -key hwid -value "1530610528000" -context "sdk\\\\bsp/1530611034000"
# webtalk_add_data -client sdk -key os -value "standalone" -context "sdk\\\\bsp/1530611034000"
# webtalk_add_data -client sdk -key apptemplate -value "dhrystone" -context "sdk\\\\bsp/1530611034000"
# webtalk_add_data -client sdk -key RecordType -value "BSPCreation" -context "sdk\\\\bsp/1530611034000"
# webtalk_add_data -client sdk -key projSize -value "110.19921875" -context "sdk\\\\bsp/1530611034000"
# webtalk_add_data -client sdk -key uid -value "1530611034000" -context "sdk\\\\application/1530611034000"
# webtalk_add_data -client sdk -key hwid -value "1530610528000" -context "sdk\\\\application/1530611034000"
# webtalk_add_data -client sdk -key bspid -value "1530611034000" -context "sdk\\\\application/1530611034000"
# webtalk_add_data -client sdk -key newbsp -value "true" -context "sdk\\\\application/1530611034000"
# webtalk_add_data -client sdk -key os -value "standalone" -context "sdk\\\\application/1530611034000"
# webtalk_add_data -client sdk -key apptemplate -value "dhrystone" -context "sdk\\\\application/1530611034000"
# webtalk_add_data -client sdk -key RecordType -value "APPCreation" -context "sdk\\\\application/1530611034000"
# webtalk_add_data -client sdk -key LangUsed -value "C" -context "sdk\\\\application/1530611034000"
# webtalk_add_data -client sdk -key Procused -value "microblaze" -context "sdk\\\\application/1530611034000"
# webtalk_add_data -client sdk -key projSize -value "110.19921875" -context "sdk\\\\application/1530611034000"
# webtalk_add_data -client sdk -key uid -value "1530611177000" -context "sdk\\\\bsp/1530611177000"
# webtalk_add_data -client sdk -key hwid -value "1530610528000" -context "sdk\\\\bsp/1530611177000"
# webtalk_add_data -client sdk -key os -value "device_tree" -context "sdk\\\\bsp/1530611177000"
# webtalk_add_data -client sdk -key apptemplate -value "null" -context "sdk\\\\bsp/1530611177000"
# webtalk_add_data -client sdk -key RecordType -value "BSPCreation" -context "sdk\\\\bsp/1530611177000"
# webtalk_add_data -client sdk -key uid -value "NA" -context "sdk\\\\bsp/1530717667950"
# webtalk_add_data -client sdk -key RecordType -value "ToolUsage" -context "sdk\\\\bsp/1530717667950"
# webtalk_add_data -client sdk -key BootgenCount -value "0" -context "sdk\\\\bsp/1530717667950"
# webtalk_add_data -client sdk -key DebugCount -value "2" -context "sdk\\\\bsp/1530717667950"
# webtalk_add_data -client sdk -key PerfCount -value "0" -context "sdk\\\\bsp/1530717667950"
# webtalk_add_data -client sdk -key FlashCount -value "0" -context "sdk\\\\bsp/1530717667950"
# webtalk_add_data -client sdk -key CrossTriggCount -value "0" -context "sdk\\\\bsp/1530717667950"
# webtalk_add_data -client sdk -key QemuDebugCount -value "0" -context "sdk\\\\bsp/1530717667950"
# webtalk_transmit -clientid 3329726863 -regid "" -xml /home/constantine/ARTY_A7/Vivado_prjct/Vivado_prjct.sdk/webtalk/usage_statistics_ext_sdk.xml -html /home/constantine/ARTY_A7/Vivado_prjct/Vivado_prjct.sdk/webtalk/usage_statistics_ext_sdk.html -wdm /home/constantine/ARTY_A7/Vivado_prjct/Vivado_prjct.sdk/webtalk/sdk_webtalk.wdm -intro "<H3>SDK Usage Report</H3><BR>"
INFO: [Common 17-186] '/home/constantine/ARTY_A7/Vivado_prjct/Vivado_prjct.sdk/webtalk/usage_statistics_ext_sdk.xml' has been successfully sent to Xilinx on Wed Jul  4 18:21:13 2018. For additional details about this file, please refer to the WebTalk help file at /home/constantine/VIVADO/SDK/2017.2/doc/webtalk_introduction.html.
# webtalk_terminate
INFO: [Common 17-206] Exiting Webtalk at Wed Jul  4 18:21:13 2018...
